[2021-08-26 00:20:09] [INFO]: 收到群 备战双11(675401456) 内 今生坎坷不讲今生(1799635454) 的消息: [CQ:image,file=a8988ec61287c703394daa7437364673.image] (2291) 
[2021-08-26 00:21:29] [INFO]: 收到群 备战双11(675401456) 内 Vast.(429466630) 的消息: [CQ:image,file=29db760fde2c9addbc4f01cdc0eec095.image] (2292) 
[2021-08-26 00:28:41] [INFO]: 收到群 备战双11(675401456) 内 Vast.(429466630) 的消息: [CQ:image,file=bfcaba27dee8847f0878580e8436109d.image] (2293) 
[2021-08-26 00:28:47] [INFO]: 收到群 备战双11(675401456) 内 Vast.(429466630) 的消息: 多关注自己红包 (2294) 
[2021-08-26 00:28:56] [INFO]: 收到群 备战双11(675401456) 内 Vast.(429466630) 的消息: 说不定有天就是你的了 (2295) 
[2021-08-26 01:04:22] [INFO]: 收到群 备战双11(675401456) 内 今生坎坷不讲今生(1799635454) 的消息: 我一直关注着惊喜红包 (2296) 
[2021-08-26 01:04:30] [INFO]: 收到群 备战双11(675401456) 内 今生坎坷不讲今生(1799635454) 的消息: 查询 (2297) 
[2021-08-26 01:04:57] [INFO]: 收到群 备战双11(675401456) 内 今生坎坷不讲今生(1799635454) 的消息: [CQ:at,qq=429466630] 京东赚赚和秒杀入口在哪啊，找不到啊 (2299) 
[2021-08-26 01:15:21] [INFO]: 收到来自群 备战双11(675401456) 内 Vast.(429466630) 的临时会话消息: 查询 
[2021-08-26 01:15:39] [INFO]: 收到来自群 备战双11(675401456) 内 Vast.(429466630) 的临时会话消息: 重启 
[2021-08-26 01:15:49] [INFO]: 收到来自 1816(429466630) 的好友请求: 我是1816 
[2021-08-26 01:16:16] [INFO]: 收到好友 　(97664430) 的消息: 重启 (13473) 
[2021-08-26 01:16:29] [INFO]: 将使用 device.json 内的设备信息运行Bot. 
[2021-08-26 01:16:29] [INFO]: 开始尝试登录并同步消息... 
[2021-08-26 01:16:29] [INFO]: 使用协议: iPad 
[2021-08-26 01:16:29] [INFO]: Protocol -> connect to server: 109.244.129.155:8080 
[2021-08-26 01:16:30] [INFO]: 登录成功 欢迎使用: ql 
[2021-08-26 01:16:30] [INFO]: 开始加载好友列表... 
[2021-08-26 01:16:30] [INFO]: 共加载 3 个好友. 
[2021-08-26 01:16:30] [INFO]: 开始加载群列表... 
[2021-08-26 01:16:30] [INFO]: 共加载 1 个群. 
[2021-08-26 01:16:31] [WARNING]: 警告: 信息数据库已关闭，将无法使用 [回复/撤回] 等功能。 
[2021-08-26 01:16:31] [WARNING]: post-format 配置错误, 将自动使用 string 
[2021-08-26 01:16:31] [INFO]: 资源初始化完成, 开始处理信息. 
[2021-08-26 01:16:31] [INFO]: アトリは、高性能ですから! 
[2021-08-26 01:16:32] [INFO]: 收到好友 　(97664430) 的消息: 重启 (13475) 
[2021-08-26 01:16:32] [INFO]: 收到服务器地址更新通知, 根据配置文件已忽略. 
[2021-08-26 01:16:53] [INFO]: 收到来自群 备战双11(675401456) 内 Vast.(429466630) 的临时会话消息: 查询 
[2021-08-26 01:17:10] [INFO]: 收到群 备战双11(675401456) 内 Vast.(429466630) 的消息: 微信小程序 (2300) 
[2021-08-26 01:17:42] [INFO]: 收到群 备战双11(675401456) 内 Vast.(429466630) 的消息: 京东搜京东秒杀 (2301) 
[2021-08-26 01:18:00] [INFO]: 收到群 备战双11(675401456) 内 Vast.(429466630) 的消息: 微信搜京东赚赚 (2302) 
[2021-08-26 01:18:23] [INFO]: 收到来自群 备战双11(675401456) 内 Vast.(429466630) 的临时会话消息: 查询 1 
[2021-08-26 01:18:30] [INFO]: 收到来自群 备战双11(675401456) 内 Vast.(429466630) 的临时会话消息: 扫码 
[2021-08-26 01:18:36] [INFO]: 收到来自群 备战双11(675401456) 内 Vast.(429466630) 的临时会话消息: 状态 
[2021-08-26 01:18:47] [INFO]: 收到来自群 备战双11(675401456) 内 Vast.(429466630) 的临时会话消息: 重启 
[2021-08-26 01:18:57] [INFO]: 收到来自群 备战双11(675401456) 内 Vast.(429466630) 的临时会话消息: 重启 
[2021-08-26 01:19:18] [INFO]: 收到群 备战双11(675401456) 内 Vast.(429466630) 的消息: 状态 (2303) 
[2021-08-26 01:19:34] [INFO]: 收到来自群 备战双11(675401456) 内 Vast.(429466630) 的临时会话消息: 状态 
[2021-08-26 01:20:07] [INFO]: Bot 账号在客户端 Android (Android) 登出. 
[2021-08-26 01:20:17] [INFO]: 添加了新好友: Vast.(429466630) 
[2021-08-26 01:20:19] [ERROR]: Protocol -> panic on decoder OnlinePush.ReqPush : EOF
goroutine 790 [running]:
runtime/debug.Stack(0xc00006c8f8, 0x1331aa0, 0xc00003c060)
	/usr/local/go/src/runtime/debug/stack.go:24 +0x9f
github.com/Mrs4s/MiraiGo/client.(*QQClient).netLoop.func1.1(0xc0004f6d80, 0xc000ac2500)
	/usr/local/go/path/pkg/mod/github.com/!mrs4s/!mirai!go@v0.0.0-20210726103104-1d68826cef0e/client/network.go:204 +0x76
panic(0x1331aa0, 0xc00003c060)
	/usr/local/go/src/runtime/panic.go:965 +0x1b9
github.com/Mrs4s/MiraiGo/binary/jce.(*JceReader).readBytes(...)
	/usr/local/go/path/pkg/mod/github.com/!mrs4s/!mirai!go@v0.0.0-20210726103104-1d68826cef0e/binary/jce/reader.go:96
github.com/Mrs4s/MiraiGo/binary/jce.(*JceReader).ReadAny(0xc00006cd20, 0xa, 0x20, 0x12dd700)
	/usr/local/go/path/pkg/mod/github.com/!mrs4s/!mirai!go@v0.0.0-20210726103104-1d68826cef0e/binary/jce/reader.go:319 +0xc26
github.com/Mrs4s/MiraiGo/client.decodeOnlinePushReqPacket(0xc0004f6d80, 0xc000901a00, 0xc000f48900, 0x169, 0x169, 0x1, 0x0, 0x0, 0x0)
	/usr/local/go/path/pkg/mod/github.com/!mrs4s/!mirai!go@v0.0.0-20210726103104-1d68826cef0e/client/online_push.go:113 +0x7a9
github.com/Mrs4s/MiraiGo/client.(*QQClient).netLoop.func1(0xc0004f6d80, 0xc000ac2500)
	/usr/local/go/path/pkg/mod/github.com/!mrs4s/!mirai!go@v0.0.0-20210726103104-1d68826cef0e/client/network.go:211 +0x194
created by github.com/Mrs4s/MiraiGo/client.(*QQClient).netLoop
	/usr/local/go/path/pkg/mod/github.com/!mrs4s/!mirai!go@v0.0.0-20210726103104-1d68826cef0e/client/network.go:201 +0x3d7
 
[2021-08-26 01:20:58] [INFO]: 收到好友 Vast.(429466630) 的消息: 状态 (314) 
[2021-08-26 01:21:02] [INFO]: 收到好友 Vast.(429466630) 的消息: 扫码 (315) 
[2021-08-26 01:52:19] [INFO]: 收到群 备战双11(675401456) 内 苦厄(1732187249) 的消息: 微信群新来的老板是谁啊 (2305) 
[2021-08-26 01:52:23] [INFO]: 收到群 备战双11(675401456) 内 苦厄(1732187249) 的消息: [CQ:face,id=269] (2306) 
[2021-08-26 02:05:45] [INFO]: 收到群 备战双11(675401456) 内 今生坎坷不讲今生(1799635454) 的消息: [CQ:at,qq=429466630]  (2307) 
[2021-08-26 02:05:48] [INFO]: 收到群 备战双11(675401456) 内 今生坎坷不讲今生(1799635454) 的消息: [CQ:image,file=c53fa8c81d2bddaa9430f4ef9b050d9c.image] (2308) 
[2021-08-26 02:06:13] [INFO]: 收到群 备战双11(675401456) 内 Vast.(429466630) 的消息: 小程序和京东分得清吗 (2309) 
[2021-08-26 02:07:14] [INFO]: 收到群 备战双11(675401456) 内 今生坎坷不讲今生(1799635454) 的消息: 就是在小程序的 (2310) 
[2021-08-26 02:07:28] [INFO]: 收到群 备战双11(675401456) 内 今生坎坷不讲今生(1799635454) 的消息: [CQ:image,file=f940d86845cfb91ad92443076053edf8.image] (2311) 
[2021-08-26 02:07:57] [INFO]: 收到群 备战双11(675401456) 内 Vast.(429466630) 的消息: 弄反了 (2312) 
[2021-08-26 02:08:57] [INFO]: 收到群 备战双11(675401456) 内 今生坎坷不讲今生(1799635454) 的消息: 哪里反了 (2313) 
[2021-08-26 02:09:07] [INFO]: 收到群 备战双11(675401456) 内 今生坎坷不讲今生(1799635454) 的消息: [CQ:image,file=0a69becbd571329215871f79fa0d9732.image] (2314) 
[2021-08-26 02:09:14] [INFO]: 收到群 备战双11(675401456) 内 今生坎坷不讲今生(1799635454) 的消息: 不是京东购物么 (2315) 
[2021-08-26 02:09:55] [INFO]: 收到群 备战双11(675401456) 内 Vast.(429466630) 的消息: 直接搜京东赚赚 (2316) 
[2021-08-26 02:11:09] [INFO]: 收到群 备战双11(675401456) 内 今生坎坷不讲今生(1799635454) 的消息: 秒杀呢 (2317) 
[2021-08-26 02:12:32] [INFO]: 收到群 备战双11(675401456) 内 Vast.(429466630) 的消息: 京东搜 (2318) 
[2021-08-26 02:12:48] [INFO]: 收到群 备战双11(675401456) 内 Vast.(429466630) 的消息: 搞反都不知道 (2319) 
[2021-08-26 02:15:34] [INFO]: 收到群 备战双11(675401456) 内 今生坎坷不讲今生(1799635454) 的消息: [CQ:image,file=b893e51ab354c61b5f3fdb1cd1d37e29.image] (2320) 
[2021-08-26 02:15:35] [INFO]: 收到群 备战双11(675401456) 内 今生坎坷不讲今生(1799635454) 的消息: 这里么 (2321) 
[2021-08-26 02:15:40] [INFO]: 收到群 备战双11(675401456) 内 今生坎坷不讲今生(1799635454) 的消息: 我就是找不到秒杀 (2322) 
[2021-08-26 02:15:44] [INFO]: 收到群 备战双11(675401456) 内 今生坎坷不讲今生(1799635454) 的消息: 赚赚我找到了 (2323) 
[2021-08-26 02:16:18] [INFO]: 收到群 备战双11(675401456) 内 Vast.(429466630) 的消息: 签到那里 (2324) 
[2021-08-26 02:16:26] [INFO]: 收到群 备战双11(675401456) 内 Vast.(429466630) 的消息: 最好俩个同时换 (2325) 
[2021-08-26 02:16:31] [INFO]: 收到群 备战双11(675401456) 内 Vast.(429466630) 的消息: 得红包多点 (2326) 
[2021-08-26 02:17:25] [INFO]: 收到群 备战双11(675401456) 内 今生坎坷不讲今生(1799635454) 的消息: 签到在哪 (2327) 
[2021-08-26 02:17:27] [INFO]: 收到群 备战双11(675401456) 内 今生坎坷不讲今生(1799635454) 的消息: [CQ:image,file=d2442baf2e14a78c320f301b57f1bc37.image] (2328) 
[2021-08-26 02:18:53] [INFO]: 收到群 备战双11(675401456) 内 Vast.(429466630) 的消息: [CQ:image,file=03ede52e4e3b3c751ef0eb0a023affa6.image] (2329) 
[2021-08-26 02:18:57] [INFO]: 收到群 备战双11(675401456) 内 Vast.(429466630) 的消息: 看到了吗 (2330) 
[2021-08-26 02:34:20] [INFO]: 收到群 备战双11(675401456) 内 今生坎坷不讲今生(1799635454) 的消息: … (2331) 
[2021-08-26 02:38:11] [INFO]: 收到群 备战双11(675401456) 内 清欢(1239822095) 的消息: 查询 (2332) 
[2021-08-26 09:05:02] [ERROR]: 错误: 群员(123456) 不在 群(675401456), 无法发起临时会话 
[2021-08-26 09:05:03] [ERROR]: 错误: 群员(117244330) 不在 群(675401456), 无法发起临时会话 
[2021-08-26 10:10:43] [INFO]: 收到好友 Vast.(429466630) 的消息: ======账号1开始======
【京东账号1（jd_5d12021020345）京东农场】c2258a3b550842ae8603b32ccadd3460
【京东账号1（jd_5d12021020345）京东萌宠】MTE1NDAxNzgwMDAwMDAwNDUzMzY1OTE=
【京东账号1（jd_5d12021020345）种豆得豆】mlrdw3aw26j3wrkrtybc2mrr5xhgsglukwr2wrq
【京东账号1（jd_5d12021020345）东东工厂】T0225KkcRUoY91TVIRr2lPQOcQCjVWnYaS5kRrbA
【京东账号1（jd_5d12021020345）京喜工厂】avZIGtyuGulj42EuWxDsAw==
注意：京喜农场 种植种子发生变化的时候，互助码也会变！！
【京东账号1（jd_5d12021020345）京喜农场】{"smp":"dd6d7bacfdef056a212318ad5e5a1781","active":"jdnc_1_3yuanyoutao210616_2","joinnum":3}
【京东账号1（jd_5d12021020345）闪购盲盒】T0225KkcRUoY91TVIRr2lPQOcQCjVQmoaT5kRrbA
【京东账号1（jd_5d12021020345）财富岛】undefined
【京东账号1（jd_5d12021020345）签到领现金】eU9YabizZPwk8G7Xy3AX0w
======账号1结束====== (14559) 
[2021-08-26 10:36:39] [INFO]: 收到好友 Vast.(429466630) 的消息: 许愿币 (14560) 
[2021-08-26 10:36:51] [INFO]: 收到好友 Vast.(429466630) 的消息: 升级 (14561) 
[2021-08-26 10:43:12] [INFO]: 将使用 device.json 内的设备信息运行Bot. 
[2021-08-26 10:43:12] [INFO]: 开始尝试登录并同步消息... 
[2021-08-26 10:43:12] [INFO]: 使用协议: iPad 
[2021-08-26 10:43:12] [INFO]: Protocol -> connect to server: 113.96.12.27:8080 
[2021-08-26 10:43:13] [INFO]: 登录成功 欢迎使用: ql 
[2021-08-26 10:43:13] [INFO]: 开始加载好友列表... 
[2021-08-26 10:43:14] [INFO]: 共加载 4 个好友. 
[2021-08-26 10:43:14] [INFO]: 开始加载群列表... 
[2021-08-26 10:43:14] [INFO]: 共加载 1 个群. 
[2021-08-26 10:43:14] [WARNING]: 警告: 信息数据库已关闭，将无法使用 [回复/撤回] 等功能。 
[2021-08-26 10:43:14] [WARNING]: post-format 配置错误, 将自动使用 string 
[2021-08-26 10:43:14] [INFO]: 资源初始化完成, 开始处理信息. 
[2021-08-26 10:43:14] [INFO]: アトリは、高性能ですから! 
[2021-08-26 10:43:15] [INFO]: 收到服务器地址更新通知, 根据配置文件已忽略. 
[2021-08-26 12:16:48] [INFO]: 收到好友 Vast.(429466630) 的消息: 重启 (14562) 
[2021-08-26 12:21:25] [INFO]: 将使用 device.json 内的设备信息运行Bot. 
[2021-08-26 12:21:25] [INFO]: 开始尝试登录并同步消息... 
[2021-08-26 12:21:25] [INFO]: 使用协议: iPad 
[2021-08-26 12:21:26] [INFO]: Protocol -> connect to server: 113.96.13.87:8080 
[2021-08-26 12:21:27] [INFO]: 登录成功 欢迎使用: ql 
[2021-08-26 12:21:27] [INFO]: 开始加载好友列表... 
[2021-08-26 12:21:27] [INFO]: 共加载 4 个好友. 
[2021-08-26 12:21:27] [INFO]: 开始加载群列表... 
[2021-08-26 12:21:27] [INFO]: 共加载 1 个群. 
[2021-08-26 12:21:27] [WARNING]: 警告: 信息数据库已关闭，将无法使用 [回复/撤回] 等功能。 
[2021-08-26 12:21:27] [WARNING]: post-format 配置错误, 将自动使用 string 
[2021-08-26 12:21:27] [INFO]: 资源初始化完成, 开始处理信息. 
[2021-08-26 12:21:27] [INFO]: アトリは、高性能ですから! 
[2021-08-26 12:21:29] [INFO]: 收到服务器地址更新通知, 根据配置文件已忽略. 
[2021-08-26 12:21:37] [INFO]: 收到好友 Vast.(429466630) 的消息: 扫码 (6343) 
[2021-08-26 12:21:48] [INFO]: 收到好友 Vast.(429466630) 的消息: 扫码 (6344) 
[2021-08-26 12:56:36] [INFO]: 收到群 备战双11(675401456) 内 Vast.(429466630) 的消息: 查询 胡总 (2334) 
[2021-08-26 12:57:34] [INFO]: 收到好友 Vast.(429466630) 的消息: 查询 19 (15511) 
[2021-08-26 12:57:50] [INFO]: 收到群 备战双11(675401456) 内 Yan(1628202412) 的消息: 查询 (2336) 
[2021-08-26 13:45:46] [INFO]: 收到好友 Vast.(429466630) 的消息: https://pushgold.jd.com/#/helper?activityId=287eb90945e049129d76dd7e85dc0313&amp;packetId=8e8bc7d09db54f35bce75f031c13791d-amRfNWQxMjAyMTAyMDM0NQ!!&amp;currentActId=287eb90945e049129d76dd7e85dc0313&amp;utm_source=iosapp&amp;utm_medium=liteshare&amp;utm_campaign=t_335139774&amp;utm_term=Qqfriends&amp;ad_od=share (6345) 
[2021-08-26 13:46:20] [INFO]: 收到好友 Vast.(429466630) 的消息: [CQ:json,data={"app":"com.tencent.structmsg"&#44;"config":{"autosize":true&#44;"ctime":1629956784&#44;"forward":true&#44;"token":"b6f72dc751ee4e78409490eb93467725"&#44;"type":"normal"}&#44;"desc":"新闻"&#44;"extra":{"app_type":1&#44;"appid":1110202132&#44;"uin":429466630}&#44;"meta":{"news":{"action":""&#44;"android_pkg_name":""&#44;"app_type":1&#44;"appid":1110202132&#44;"desc":"好多人都领到了！推推赚大钱，帮我推一下，咱俩都拿钱！"&#44;"jumpUrl":"https://pushgold.jd.com/#/helper?activityId=287eb90945e049129d76dd7e85dc0313&amp;packetId=8e8bc7d09db54f35bce75f031c13791d-amRfNWQxMjAyMTAyMDM0NQ!!&amp;currentActId=287eb90945e049129d76dd7e85dc0313&amp;utm_source=iosapp&amp;utm_medium=liteshare&amp;utm_campaign=t_335139774&amp;utm_term=Qqfriends&amp;ad_od=share"&#44;"preview":"https://external-30160.picsz.qpic.cn/5a657ced1116c6c5d0bf483be5ed6856/jpg1"&#44;"source_icon":""&#44;"source_url":""&#44;"tag":"京东极速版"&#44;"title":"好消息！这有5元红包，轻松拿到手！"}}&#44;"prompt":"&#91;分享&#93;好消息！这有5元红包，轻松拿到手！"&#44;"ver":"0.0.0.1"&#44;"view":"news"}] (61556) 
[2021-08-26 13:46:29] [INFO]: 收到好友 Vast.(429466630) 的消息: 状态 (6346) 
[2021-08-26 13:52:00] [INFO]: 收到好友 Vast.(429466630) 的消息: 查询 大哥 (6347) 
[2021-08-26 14:13:39] [INFO]: 收到好友 Vast.(429466630) 的消息: 愿望 (6348) 
[2021-08-26 14:14:58] [INFO]: 收到好友 Vast.(429466630) 的消息: 许愿币 (6349) 
[2021-08-26 14:16:46] [INFO]: 收到好友 Vast.(429466630) 的消息: 打卡 (6350) 
[2021-08-26 14:17:02] [INFO]: 收到好友 Vast.(429466630) 的消息: 许愿 巴拉巴拉巴黎 (6351) 
[2021-08-26 14:17:09] [INFO]: 收到好友 Vast.(429466630) 的消息: 愿望 (6352) 
[2021-08-26 14:17:39] [INFO]: 收到好友 Vast.(429466630) 的消息: 愿望1 未达成 (6353) 
[2021-08-26 14:18:57] [INFO]: 收到好友 Vast.(429466630) 的消息: [CQ:reply,id=781625279]愿望已撤销 (6354) 
[2021-08-26 14:19:12] [INFO]: 收到好友 Vast.(429466630) 的消息: [CQ:reply,id=-896425419]愿望已撤销 (6355) 
[2021-08-26 14:19:20] [INFO]: 收到好友 Vast.(429466630) 的消息: 重启 (6356) 
[2021-08-26 14:19:27] [INFO]: 将使用 device.json 内的设备信息运行Bot. 
[2021-08-26 14:19:27] [INFO]: 开始尝试登录并同步消息... 
[2021-08-26 14:19:27] [INFO]: 使用协议: iPad 
[2021-08-26 14:19:27] [INFO]: Protocol -> connect to server: 113.96.12.27:8080 
[2021-08-26 14:19:29] [INFO]: 登录成功 欢迎使用: ql 
[2021-08-26 14:19:29] [INFO]: 开始加载好友列表... 
[2021-08-26 14:19:29] [INFO]: 共加载 4 个好友. 
[2021-08-26 14:19:29] [INFO]: 开始加载群列表... 
[2021-08-26 14:19:29] [INFO]: 共加载 1 个群. 
[2021-08-26 14:19:29] [WARNING]: 警告: 信息数据库已关闭，将无法使用 [回复/撤回] 等功能。 
[2021-08-26 14:19:29] [WARNING]: post-format 配置错误, 将自动使用 string 
[2021-08-26 14:19:29] [INFO]: 资源初始化完成, 开始处理信息. 
[2021-08-26 14:19:29] [INFO]: アトリは、高性能ですから! 
[2021-08-26 14:19:31] [INFO]: 收到服务器地址更新通知, 根据配置文件已忽略. 
[2021-08-26 14:29:22] [INFO]: 收到好友 Vast.(429466630) 的消息: 许愿  发财 (15512) 
[2021-08-26 14:29:40] [INFO]: 收到好友 Vast.(429466630) 的消息: 愿望达成 2 (15513) 
[2021-08-26 16:57:29] [INFO]: 收到好友 Vast.(429466630) 的消息: get-ua Mozilla/5.0 (Linux; Android 8.0; MHA-AL00 Build/HUAWEIMHA-AL00; wv) AppleWebKit/537.36 (KHTML, like Gecko) Version/4.0 Chrome/57.0.2987.132 MQQBrowser/6.2 TBS/044304 Mobile Safari/537.36 MicroMessenger/6.7.3.1360(0x26070333) NetType/4G Language/zh_CN UCBrowser/13.4.2.1122 (6357) 
[2021-08-26 16:57:36] [INFO]: 收到好友 Vast.(429466630) 的消息: ua (6358) 
[2021-08-26 16:57:49] [INFO]: 收到好友 Vast.(429466630) 的消息: get-ua Mozilla/5.0 (Linux; Android 8.0; MHA-AL00 Build/HUAWEIMHA-AL00; wv) AppleWebKit/537.36 (KHTML, like Gecko) Version/4.0 Chrome/57.0.2987.132 MQQBrowser/6.2 TBS/044304 Mobile Safari/537.36 MicroMessenger/6.7.3.1360(0x26070333) NetType/4G Language/zh_CN UCBrowser/13.4.2.1122 (6359) 
[2021-08-26 16:58:05] [INFO]: 收到好友 Vast.(429466630) 的消息: set-ua Mozilla/5.0 (Linux; Android 8.0; MHA-AL00 Build/HUAWEIMHA-AL00; wv) AppleWebKit/537.36 (KHTML, like Gecko) Version/4.0 Chrome/57.0.2987.132 MQQBrowser/6.2 TBS/044304 Mobile Safari/537.36 MicroMessenger/6.7.3.1360(0x26070333) NetType/4G Language/zh_CN UCBrowser/13.4.2.1122 (6360) 
[2021-08-26 16:58:13] [INFO]: 收到好友 Vast.(429466630) 的消息: ua (6361) 
[2021-08-26 16:58:18] [INFO]: 收到好友 Vast.(429466630) 的消息: 扫码 (6362) 
[2021-08-26 17:01:33] [INFO]: 收到好友 Vast.(429466630) 的消息: 重启 (6363) 
[2021-08-26 17:01:36] [INFO]: 将使用 device.json 内的设备信息运行Bot. 
[2021-08-26 17:01:36] [INFO]: 开始尝试登录并同步消息... 
[2021-08-26 17:01:36] [INFO]: 使用协议: iPad 
[2021-08-26 17:01:37] [INFO]: Protocol -> connect to server: 113.96.13.87:8080 
[2021-08-26 17:01:39] [INFO]: 登录成功 欢迎使用: ql 
[2021-08-26 17:01:39] [INFO]: 开始加载好友列表... 
[2021-08-26 17:01:39] [INFO]: 共加载 4 个好友. 
[2021-08-26 17:01:39] [INFO]: 开始加载群列表... 
[2021-08-26 17:01:39] [INFO]: 共加载 1 个群. 
[2021-08-26 17:01:39] [WARNING]: 警告: 信息数据库已关闭，将无法使用 [回复/撤回] 等功能。 
[2021-08-26 17:01:39] [WARNING]: post-format 配置错误, 将自动使用 string 
[2021-08-26 17:01:39] [INFO]: 资源初始化完成, 开始处理信息. 
[2021-08-26 17:01:39] [INFO]: アトリは、高性能ですから! 
[2021-08-26 17:01:40] [INFO]: 收到服务器地址更新通知, 根据配置文件已忽略. 
[2021-08-26 17:01:59] [INFO]: 收到好友 Vast.(429466630) 的消息: UA (6365) 
[2021-08-26 17:02:02] [INFO]: 收到好友 Vast.(429466630) 的消息: ua (6366) 
[2021-08-26 17:03:02] [INFO]: 收到好友 Vast.(429466630) 的消息: get-ua Mozilla/5.0 (Linux; Android 6.0.1; OPPO A57 Build/MMB29M; wv) AppleWebKit/537.36 (KHTML, like Gecko) Version/4.0 Chrome/48.0.2564.116 Mobile Safari/537.36 T7/9.1 UCBrowser/13.4.2.1122 (6367) 
[2021-08-26 17:03:12] [INFO]: 收到好友 Vast.(429466630) 的消息: cet-ua Mozilla/5.0 (Linux; Android 6.0.1; OPPO A57 Build/MMB29M; wv) AppleWebKit/537.36 (KHTML, like Gecko) Version/4.0 Chrome/48.0.2564.116 Mobile Safari/537.36 T7/9.1 UCBrowser/13.4.2.1122 (6368) 
[2021-08-26 17:03:26] [INFO]: 收到好友 Vast.(429466630) 的消息: set-ua Mozilla/5.0 (Linux; Android 6.0.1; OPPO A57 Build/MMB29M; wv) AppleWebKit/537.36 (KHTML, like Gecko) Version/4.0 Chrome/48.0.2564.116 Mobile Safari/537.36 T7/9.1 UCBrowser/13.4.2.1122 (6369) 
[2021-08-26 17:03:31] [INFO]: 收到好友 Vast.(429466630) 的消息: set-ua Mozilla/5.0 (Linux; Android 6.0.1; OPPO A57 Build/MMB29M; wv) AppleWebKit/537.36 (KHTML, like Gecko) Version/4.0 Chrome/48.0.2564.116 Mobile Safari/537.36 T7/9.1 UCBrowser/13.4.2.1122 (6370) 
[2021-08-26 17:03:40] [INFO]: 收到好友 Vast.(429466630) 的消息: ua (6371) 
[2021-08-26 17:04:11] [INFO]: 收到好友 Vast.(429466630) 的消息: ua (6372) 
[2021-08-26 17:04:16] [INFO]: 收到好友 Vast.(429466630) 的消息: set-ua Mozilla/5.0 (Linux; Android 6.0.1; OPPO A57 Build/MMB29M; wv) AppleWebKit/537.36 (KHTML, like Gecko) Version/4.0 Chrome/48.0.2564.116 Mobile Safari/537.36 T7/9.1 UCBrowser/13.4.2.1122 (6373) 
[2021-08-26 17:04:28] [INFO]: 收到好友 Vast.(429466630) 的消息: 状态 (6374) 
[2021-08-26 17:05:07] [INFO]: 收到好友 Vast.(429466630) 的消息: 状态 (6375) 
[2021-08-26 17:05:44] [INFO]: 收到好友 Vast.(429466630) 的消息: 抓太 (6376) 
[2021-08-26 17:05:46] [INFO]: 收到好友 Vast.(429466630) 的消息: 状态 (6377) 
[2021-08-26 17:06:07] [INFO]: 将使用 device.json 内的设备信息运行Bot. 
[2021-08-26 17:06:07] [INFO]: 开始尝试登录并同步消息... 
[2021-08-26 17:06:07] [INFO]: 使用协议: iPad 
[2021-08-26 17:06:13] [INFO]: Protocol -> connect to server: 113.96.13.125:8080 
[2021-08-26 17:06:14] [INFO]: 登录成功 欢迎使用: ql 
[2021-08-26 17:06:14] [INFO]: 开始加载好友列表... 
[2021-08-26 17:06:14] [INFO]: 共加载 4 个好友. 
[2021-08-26 17:06:14] [INFO]: 开始加载群列表... 
[2021-08-26 17:06:14] [INFO]: 共加载 1 个群. 
[2021-08-26 17:06:14] [WARNING]: 警告: 信息数据库已关闭，将无法使用 [回复/撤回] 等功能。 
[2021-08-26 17:06:14] [WARNING]: post-format 配置错误, 将自动使用 string 
[2021-08-26 17:06:14] [INFO]: 资源初始化完成, 开始处理信息. 
[2021-08-26 17:06:14] [INFO]: アトリは、高性能ですから! 
[2021-08-26 17:06:26] [INFO]: 收到好友 Vast.(429466630) 的消息: 状态 (6378) 
[2021-08-26 17:06:47] [INFO]: 收到好友 Vast.(429466630) 的消息: 状态 (6379) 
[2021-08-26 17:07:00] [INFO]: 收到好友 Vast.(429466630) 的消息: 扫码 (6380) 
[2021-08-26 17:07:22] [INFO]: 收到好友 Vast.(429466630) 的消息: 状态 (6381) 
[2021-08-26 17:07:30] [INFO]: 收到好友 Vast.(429466630) 的消息: [CQ:image,file=d9d4f5f44d0510da6737e5f7c626ebd5.image] (6382) 
[2021-08-26 17:07:33] [INFO]: 好友 Vast.(429466630) 撤回了消息: -432632382 
[2021-08-26 17:07:38] [INFO]: 收到好友 Vast.(429466630) 的消息: 状态 (6383) 
[2021-08-26 17:07:42] [INFO]: 收到好友 Vast.(429466630) 的消息: 状态 (6384) 
[2021-08-26 17:07:48] [INFO]: 收到好友 Vast.(429466630) 的消息: set-ua Mozilla/5.0 (Linux; Android 6.0.1; OPPO A57 Build/MMB29M; wv) AppleWebKit/537.36 (KHTML, like Gecko) Version/4.0 Chrome/48.0.2564.116 Mobile Safari/537.36 T7/9.1 UCBrowser/13.4.2.1122 (6385) 
[2021-08-26 17:07:50] [INFO]: 收到好友 Vast.(429466630) 的消息: ua (6386) 
[2021-08-26 17:07:55] [INFO]: 收到好友 Vast.(429466630) 的消息: 重启 (6387) 
[2021-08-26 17:07:57] [INFO]: 将使用 device.json 内的设备信息运行Bot. 
[2021-08-26 17:07:57] [INFO]: 开始尝试登录并同步消息... 
[2021-08-26 17:07:57] [INFO]: 使用协议: iPad 
[2021-08-26 17:07:58] [INFO]: Protocol -> connect to server: 113.96.12.224:8080 
[2021-08-26 17:07:59] [INFO]: 登录成功 欢迎使用: ql 
[2021-08-26 17:07:59] [INFO]: 开始加载好友列表... 
[2021-08-26 17:07:59] [INFO]: 共加载 4 个好友. 
[2021-08-26 17:07:59] [INFO]: 开始加载群列表... 
[2021-08-26 17:08:00] [INFO]: 共加载 1 个群. 
[2021-08-26 17:08:00] [WARNING]: 警告: 信息数据库已关闭，将无法使用 [回复/撤回] 等功能。 
[2021-08-26 17:08:00] [WARNING]: post-format 配置错误, 将自动使用 string 
[2021-08-26 17:08:00] [INFO]: 资源初始化完成, 开始处理信息. 
[2021-08-26 17:08:00] [INFO]: アトリは、高性能ですから! 
[2021-08-26 17:08:02] [INFO]: 收到好友 Vast.(429466630) 的消息: ua (6388) 
[2021-08-26 17:08:07] [INFO]: 收到好友 Vast.(429466630) 的消息: ua (6389) 
[2021-08-26 17:08:13] [INFO]: 收到好友 Vast.(429466630) 的消息: ua (6390) 
[2021-08-26 17:08:15] [INFO]: 收到好友 Vast.(429466630) 的消息: ua (6391) 
[2021-08-26 17:08:24] [INFO]: 收到好友 Vast.(429466630) 的消息: ua (6392) 
[2021-08-26 17:08:33] [INFO]: 收到好友 Vast.(429466630) 的消息: 状态 (6393) 
[2021-08-26 17:08:37] [INFO]: 收到好友 Vast.(429466630) 的消息: ua (6394) 
[2021-08-26 17:08:51] [INFO]: 收到好友 Vast.(429466630) 的消息: ua (6395) 
[2021-08-26 17:09:09] [INFO]: 收到好友 Vast.(429466630) 的消息: ua (6396) 
