[2021-08-28 08:09:35] [INFO]: 将使用 device.json 内的设备信息运行Bot. 
[2021-08-28 08:09:35] [INFO]: 开始尝试登录并同步消息... 
[2021-08-28 08:09:35] [INFO]: 使用协议: iPad 
[2021-08-28 08:09:37] [INFO]: Protocol -> connect to server: 113.96.12.27:8080 
[2021-08-28 08:09:37] [WARNING]: 恢复会话失败: token failed , 尝试使用正常流程登录. 
[2021-08-28 08:09:38] [INFO]: Protocol -> connect to server: 113.96.13.87:8080 
[2021-08-28 08:09:38] [INFO]: 请使用手机QQ扫描二维码 (qrcode.png) :  
[2021-08-28 08:10:33] [INFO]: 扫码成功, 请在手机端确认登录. 
[2021-08-28 08:10:35] [ERROR]: Protocol -> unknown group msg: 0 
[2021-08-28 08:10:35] [ERROR]: Protocol -> unknown group message type: 12 
[2021-08-28 08:10:37] [INFO]: 收到服务器地址更新通知, 根据配置文件已忽略. 
[2021-08-28 08:10:41] [INFO]: 登录成功 欢迎使用: 　 
[2021-08-28 08:10:41] [INFO]: 开始加载好友列表... 
[2021-08-28 08:10:41] [INFO]: 共加载 52 个好友. 
[2021-08-28 08:10:41] [INFO]: 开始加载群列表... 
[2021-08-28 08:10:43] [INFO]: 共加载 19 个群. 
[2021-08-28 08:10:43] [WARNING]: 警告: 信息数据库已关闭，将无法使用 [回复/撤回] 等功能。 
[2021-08-28 08:10:43] [WARNING]: post-format 配置错误, 将自动使用 string 
[2021-08-28 08:10:43] [INFO]: 资源初始化完成, 开始处理信息. 
[2021-08-28 08:10:43] [INFO]: アトリは、高性能ですから! 
[2021-08-28 08:11:24] [INFO]: 收到群 蛟龙交流群(807376211) 内 江海寄余生(240484406) 的消息: 一个头子，一个二把手，不一样 (60213) 
[2021-08-28 08:11:31] [INFO]: 收到好友 Vast.(429466630) 的消息: 状态 (22975) 
[2021-08-28 08:11:36] [INFO]: 收到好友 Vast.(429466630) 的消息: 查询 1 (22976) 
[2021-08-28 08:11:39] [INFO]: 收到群 蛟龙交流群(807376211) 内 江海寄余生(240484406) 的消息: 吃助力都是第一个吃的多 (60214) 
[2021-08-28 08:11:57] [INFO]: 收到群 快捷指令技术交流(106511927) 内 a.三网官方流量卡(842479297) 的消息: 多发点qx能玩的 (964873) 
[2021-08-28 08:11:58] [INFO]: 收到群 快捷指令技术交流(106511927) 内 a.三网官方流量卡(842479297) 的消息: [CQ:image,file=0a96e0965e02f13db1747ebf61987816.image] (964874) 
[2021-08-28 08:12:14] [INFO]: 收到群 快捷指令技术交流(106511927) 内 多年以后(615772376) 的消息: 也没有这种软件能挂的 (964875) 
[2021-08-28 08:12:19] [INFO]: 收到好友 Vast.(429466630) 的消息: pt_key=AAJhKQiFADD5RZ2ZPMPovkGhegvWlQzFAoSbaDXq5K787cimvV1QxJ81096lhZrgkYgf-bTiVXA;pt_pin=jd_5d12021020345; (22977) 
[2021-08-28 08:12:19] [INFO]: 收到群 快捷指令技术交流(106511927) 内 多年以后(615772376) 的消息: 脚本怎么老是失效 (964876) 
[2021-08-28 08:12:20] [INFO]: 成员 。。。(2491976652) 离开了群 Yc软件库C4(544026238). 
[2021-08-28 08:12:23] [INFO]: 收到好友 Vast.(429466630) 的消息: 查询 1 (22978) 
[2021-08-28 08:12:31] [INFO]: 收到群 追梦纯净ROM交流7群(128261206) 内 缇缇丶卡缇丝(1016876816) 的消息: [CQ:image,file=2f2cbb2618801cb8b13b760161b07af9.image][CQ:image,file=b6510ac177c743a3de96e6ed7815d99f.image]这咋是乱码 (54242) 
[2021-08-28 08:12:42] [INFO]: 收到群 蛟龙交流群(807376211) 内 不忘初衷(750451795) 的消息: [CQ:at,qq=240484406] 小号多好几倍呀 (60215) 
[2021-08-28 08:13:21] [INFO]: 收到群 快捷指令技术交流(106511927) 内 不会游泳的鱼(707525032) 的消息: 圈x比价 失效 😓 (964877) 
[2021-08-28 08:13:42] [INFO]: 收到群 快捷指令技术交流(106511927) 内 z"zh(79018833) 的消息: 今天继续爆破it之家？ (964878) 
[2021-08-28 08:13:45] [INFO]: 新成员 憨憨(3089692499) 进入了群 追梦纯净ROM交流7群(128261206). 
[2021-08-28 08:13:45] [INFO]: 收到群 追梦纯净ROM交流7群(128261206) 内 Q群管家(2854196310) 的消息: [CQ:at,qq=3089692499] 欢迎加入追梦ROM交流中心，进群先看群公告教程步骤及注意事项，刷机包，rec都在群公告，祝你刷机愉快
——来自群管理员（2449173665）的编辑 (54243) 
[2021-08-28 08:13:53] [INFO]: 收到群 快捷指令技术交流(106511927) 内 z"zh(79018833) 的消息: [CQ:face,id=263] (964879) 
[2021-08-28 08:14:25] [INFO]: 收到群 追梦纯净ROM交流7群(128261206) 内 MI9SE-Flacier(1945299985) 的消息: [CQ:reply,id=-1113525913][CQ:at,qq=1016876816] [CQ:at,qq=1016876816] 编吗问题 (54244) 
[2021-08-28 08:14:32] [INFO]: 收到群 快捷指令技术交流(106511927) 内 在遇见你(776779906) 的消息: 我要拿刀杀了it之家[CQ:face,id=11][CQ:face,id=11][CQ:face,id=11] (964880) 
[2021-08-28 08:14:40] [INFO]: 收到群 快捷指令技术交流(106511927) 内 a.三网官方流量卡(842479297) 的消息: [CQ:reply,id=-1785067705][CQ:at,qq=707525032] [CQ:at,qq=707525032] 没有啊 (964881) 
[2021-08-28 08:14:42] [INFO]: 收到群 追梦纯净ROM交流7群(128261206) 内 MI9SE-Flacier(1945299985) 的消息: 把cmd换成旧版的试试 (54245) 
[2021-08-28 08:14:48] [INFO]: 收到群 快捷指令技术交流(106511927) 内 ライバル(2052870939) 的消息: 为什么有些cookie失效，有些没失效？？ (964882) 
[2021-08-28 08:14:54] [INFO]: 收到群 蛟龙交流群(807376211) 内 ライバル(2052870939) 的消息: 为什么有些cookie失效，有些没失效？？ (60216) 
[2021-08-28 08:14:55] [INFO]: 收到群 追梦纯净ROM交流7群(128261206) 内 缇缇丶卡缇丝(1016876816) 的消息: 行 (54246) 
[2021-08-28 08:15:02] [INFO]: 收到群 追梦纯净ROM交流7群(128261206) 内 MI9SE-Flacier(1945299985) 的消息: [CQ:image,file=382363f31ac396e238d76eed075fec8f.image] (54247) 
[2021-08-28 08:15:30] [INFO]: 收到群 快捷指令技术交流(106511927) 内 沉默(765566837) 的消息: 个别失效大多数没失效 影响不大 (964883) 
[2021-08-28 08:15:32] [INFO]: 收到群 蛟龙交流群(807376211) 内 江海寄余生(240484406) 的消息: 扫了同一个ua (60217) 
[2021-08-28 08:15:34] [INFO]: 收到群 蛟龙交流群(807376211) 内 江海寄余生(240484406) 的消息: [CQ:image,file=e5f56dec83e30955154015d379fe2e35.image] (60218) 
[2021-08-28 08:15:36] [INFO]: 收到群 快捷指令技术交流(106511927) 内 z"zh(79018833) 的消息: 为了流量不要马的it之家 (964884) 
[2021-08-28 08:16:12] [INFO]: 收到群 快捷指令技术交流(106511927) 内 在遇见你(776779906) 的消息: 我诅咒it之家全家死光光 出门被车撞死算了 (964885) 
[2021-08-28 08:16:13] [INFO]: 收到群 快捷指令技术交流(106511927) 内 🍯(149749000) 的消息: &#91;流泪&#93;请使用最新版手机QQ体验新功能 (964886) 
[2021-08-28 08:16:16] [INFO]: 收到群 快捷指令技术交流(106511927) 内 z"zh(79018833) 的消息: 举报到那个小编开除 (964887) 
[2021-08-28 08:17:04] [INFO]: 收到群 追梦纯净ROM交流7群(128261206) 内 笙声不息(1609879195) 的消息: SE跟青春，哪个更离谱 (54248) 
[2021-08-28 08:18:39] [INFO]: 收到群 快捷指令技术交流(106511927) 内 沉默(765566837) 的消息: [CQ:image,file=c1afb564c4c46795f72d458ac10866fb.image] (964888) 
[2021-08-28 08:19:05] [INFO]: 收到群 快捷指令技术交流(106511927) 内 沉默(765566837) 的消息: XDD更新下 哪个兄弟先上试试 (964889) 
[2021-08-28 08:19:06] [INFO]: 收到群 广西电信千兆宽带总群(975344018) 内 _ 'ジ(2707745783) 的消息: [CQ:at,qq=752651572] 怎么还不把上面的T了 (61100) 
[2021-08-28 08:19:14] [INFO]: 收到群 快捷指令技术交流(106511927) 内 江海寄余生(240484406) 的消息: [CQ:image,file=e5f56dec83e30955154015d379fe2e35.image] (964890) 
[2021-08-28 08:19:17] [INFO]: 收到群 快捷指令技术交流(106511927) 内 提升自己并不难(513437577) 的消息: ? (964891) 
[2021-08-28 08:19:17] [INFO]: 收到群 快捷指令技术交流(106511927) 内 提升自己并不难(513437577) 的消息: [CQ:image,file=e30da7e4d1ba3b5e509c45d3a2feb976.image] (964892) 
[2021-08-28 08:19:18] [INFO]: 收到群 快捷指令技术交流(106511927) 内 温馨(1296663920) 的消息: 更新了啊 (964893) 
[2021-08-28 08:19:26] [INFO]: 收到群 快捷指令技术交流(106511927) 内 温馨(1296663920) 的消息: 早就可以扫码了xdd (964894) 
[2021-08-28 08:20:00] [INFO]: 成员 柠の萌°(1651671635) 被 落花(752651572) T出了群 广西电信千兆宽带总群(975344018). 
[2021-08-28 08:20:06] [INFO]: 收到群 快捷指令技术交流(106511927) 内 沉默(765566837) 的消息: [CQ:reply,id=208989904][CQ:at,qq=1296663920] [CQ:at,qq=1296663920] 嗯 更新后很好用 (964895) 
[2021-08-28 08:20:07] [INFO]: 收到群 快捷指令技术交流(106511927) 内 庸人自扰.(2395602929) 的消息: 更新=删库 (964896) 
[2021-08-28 08:20:21] [INFO]: 收到群 蛟龙交流群(807376211) 内 梦屿千寻(2946471396) 的消息: [CQ:image,file=0061179ccf906b4c2ec7e17e6c7671b7.image] (60219) 
[2021-08-28 08:20:27] [INFO]: 收到好友 Vast.(429466630) 的消息: 重启 (22979) 
[2021-08-28 08:20:30] [INFO]: 将使用 device.json 内的设备信息运行Bot. 
[2021-08-28 08:20:30] [INFO]: 开始尝试登录并同步消息... 
[2021-08-28 08:20:30] [INFO]: 使用协议: iPad 
[2021-08-28 08:20:31] [INFO]: Protocol -> connect to server: 113.96.13.79:8080 
[2021-08-28 08:20:32] [ERROR]: Protocol -> unknown group msg: 0 
[2021-08-28 08:20:32] [ERROR]: Protocol -> unknown group message type: 12 
[2021-08-28 08:20:37] [INFO]: 登录成功 欢迎使用: 　 
[2021-08-28 08:20:37] [INFO]: 开始加载好友列表... 
[2021-08-28 08:20:38] [INFO]: 共加载 52 个好友. 
[2021-08-28 08:20:38] [INFO]: 开始加载群列表... 
[2021-08-28 08:20:39] [INFO]: 共加载 19 个群. 
[2021-08-28 08:20:39] [WARNING]: 警告: 信息数据库已关闭，将无法使用 [回复/撤回] 等功能。 
[2021-08-28 08:20:39] [WARNING]: post-format 配置错误, 将自动使用 string 
[2021-08-28 08:20:39] [INFO]: 资源初始化完成, 开始处理信息. 
[2021-08-28 08:20:39] [INFO]: アトリは、高性能ですから! 
[2021-08-28 08:20:44] [INFO]: 收到群 快捷指令技术交流(106511927) 内 复读机 袋装20块，丢我ip密码就行(84503269) 的消息: 更新=删库 (964897) 
[2021-08-28 08:20:45] [INFO]: 收到群 快捷指令技术交流(106511927) 内 温馨(1296663920) 的消息: [CQ:image,file=76f5119da4f7de5a4d025fc9c7357551.image] (964898) 
[2021-08-28 08:20:48] [INFO]: 收到群 快捷指令技术交流(106511927) 内 江海寄余生(240484406) 的消息: 很好用 (964899) 
[2021-08-28 08:20:52] [INFO]: 收到群 快捷指令技术交流(106511927) 内 江海寄余生(240484406) 的消息: 我也升级了 (964900) 
[2021-08-28 08:20:56] [INFO]: 收到群 快捷指令技术交流(106511927) 内 江海寄余生(240484406) 的消息: 扫码恢复了 (964901) 
[2021-08-28 08:21:15] [INFO]: 收到群 快捷指令技术交流(106511927) 内 江海寄余生(240484406) 的消息: 今天豆子1w➕ (964902) 
[2021-08-28 08:21:19] [INFO]: 收到群 快捷指令技术交流(106511927) 内 江海寄余生(240484406) 的消息: 快升级 (964903) 
[2021-08-28 08:21:19] [INFO]: 收到群 快捷指令技术交流(106511927) 内 温馨(1296663920) 的消息: rm很舒服的 (964904) 
[2021-08-28 08:21:28] [INFO]: 收到群 快捷指令技术交流(106511927) 内 沉默(765566837) 的消息: XDD真棒 快去升级 (964905) 
[2021-08-28 08:21:36] [INFO]: 收到群 快捷指令技术交流(106511927) 内 ‭‭(1102555977) 的消息: 兜兜风可以扫 (964906) 
[2021-08-28 08:21:46] [INFO]: 收到群 快捷指令技术交流(106511927) 内 复读机 袋装20块，丢我ip密码就行(84503269) 的消息: [CQ:reply,id=-1407268063][CQ:at,qq=1102555977] [CQ:at,qq=1102555977] 我不行 (964907) 
[2021-08-28 08:21:58] [INFO]: 收到群 快捷指令技术交流(106511927) 内 温馨(1296663920) 的消息: [CQ:image,file=754180c16e2b7c17ccf3851361db51bf.image] (964908) 
[2021-08-28 08:21:59] [INFO]: 收到群 快捷指令技术交流(106511927) 内 温馨(1296663920) 的消息: 哈哈 (964909) 
[2021-08-28 08:22:11] [INFO]: 收到群 快捷指令技术交流(106511927) 内 温馨(1296663920) 的消息: 还好删库那个版本没同步 (964910) 
[2021-08-28 08:22:52] [INFO]: 收到好友 Vast.(429466630) 的消息: 重启 (22980) 
[2021-08-28 08:22:56] [INFO]: 将使用 device.json 内的设备信息运行Bot. 
[2021-08-28 08:22:56] [INFO]: 开始尝试登录并同步消息... 
[2021-08-28 08:22:56] [INFO]: 使用协议: iPad 
[2021-08-28 08:22:58] [INFO]: Protocol -> connect to server: 113.96.12.85:8080 
[2021-08-28 08:22:59] [ERROR]: Protocol -> unknown group msg: 0 
[2021-08-28 08:22:59] [ERROR]: Protocol -> unknown group message type: 12 
[2021-08-28 08:23:05] [INFO]: 登录成功 欢迎使用: 　 
[2021-08-28 08:23:05] [INFO]: 开始加载好友列表... 
[2021-08-28 08:23:05] [INFO]: 共加载 52 个好友. 
[2021-08-28 08:23:05] [INFO]: 开始加载群列表... 
[2021-08-28 08:23:07] [INFO]: 共加载 19 个群. 
[2021-08-28 08:23:08] [WARNING]: 警告: 信息数据库已关闭，将无法使用 [回复/撤回] 等功能。 
[2021-08-28 08:23:08] [WARNING]: post-format 配置错误, 将自动使用 string 
[2021-08-28 08:23:08] [INFO]: 资源初始化完成, 开始处理信息. 
[2021-08-28 08:23:08] [INFO]: アトリは、高性能ですから! 
[2021-08-28 08:23:33] [INFO]: 收到群 快捷指令技术交流(106511927) 内  (3021929493) 的消息: 还能同步更? (964912) 
[2021-08-28 08:23:46] [INFO]: 收到群 快捷指令技术交流(106511927) 内  (3021929493) 的消息: 我手动更 (964913) 
[2021-08-28 08:23:49] [INFO]: 收到群 快捷指令技术交流(106511927) 内 东(496791688) 的消息: 小滴滴拉取代失败：exit status 1 (964914) 
[2021-08-28 08:23:50] [INFO]: 收到群 快捷指令技术交流(106511927) 内  (3021929493) 的消息: 发现失败 (964915) 
[2021-08-28 08:23:53] [INFO]: 收到群 快捷指令技术交流(106511927) 内 东(496791688) 的消息: 这咋更 (964916) 
[2021-08-28 08:23:54] [INFO]: 收到群 快捷指令技术交流(106511927) 内  (3021929493) 的消息: 对对对 (964917) 
[2021-08-28 08:23:57] [INFO]: 收到群 快捷指令技术交流(106511927) 内  (3021929493) 的消息: 咱俩一样 (964918) 
[2021-08-28 08:24:01] [INFO]: 收到群 快捷指令技术交流(106511927) 内  (3021929493) 的消息: 早上打开发现 (964919) 
[2021-08-28 08:24:01] [INFO]: 收到群 快捷指令技术交流(106511927) 内 温馨(1296663920) 的消息: 私有自己玩 (964920) 
[2021-08-28 08:24:03] [INFO]: 收到群 蛟龙交流群(807376211) 内 哦豁，你又不懂啦(122501983) 的消息: [CQ:face,id=127] (60220) 
[2021-08-28 08:24:03] [INFO]: 收到群 快捷指令技术交流(106511927) 内  (3021929493) 的消息: 404 (964921) 
[2021-08-28 08:24:09] [INFO]: 收到群 快捷指令技术交流(106511927) 内  (3021929493) 的消息: 跑路了 (964922) 
[2021-08-28 08:24:10] [INFO]: 收到群 快捷指令技术交流(106511927) 内  (3021929493) 的消息: [CQ:face,id=264] (964923) 
[2021-08-28 08:24:22] [INFO]: 收到群 快捷指令技术交流(106511927) 内 东(496791688) 的消息: [CQ:face,id=16] (964924) 
[2021-08-28 08:25:00] [INFO]: 收到群 蛟龙交流群(807376211) 内 a…戀じ☆ve伱(162213572) 的消息: 买了几年服务器的是不是得骂娘了 (60221) 
[2021-08-28 08:25:12] [INFO]: 收到群 蛟龙交流群(807376211) 内 啾(2280123977) 的消息: [CQ:image,file=1f5cea81386fec77c9ff815b0d7ec099.image] (60222) 
[2021-08-28 08:25:44] [INFO]: 收到群 蛟龙交流群(807376211) 内 华年(2041996029) 的消息: 买服务器就为了挂这个嘛[CQ:face,id=264] (60223) 
[2021-08-28 08:25:53] [INFO]: 收到群 蛟龙交流群(807376211) 内 a…戀じ☆ve伱(162213572) 的消息: [CQ:at,qq=2041996029] 大把 (60224) 
[2021-08-28 08:26:10] [INFO]: 收到群 快捷指令技术交流(106511927) 内 多年以后(615772376) 的消息: 没有其他路子可以撸京东了吗 (964925) 
[2021-08-28 08:26:21] [INFO]: 收到群 快捷指令技术交流(106511927) 内 多年以后(615772376) 的消息: [CQ:face,id=25] (964926) 
[2021-08-28 08:26:24] [INFO]: 收到群 蛟龙交流群(807376211) 内 灵魂¿摆渡(193819672) 的消息: 还有15天免费服务器没了 (60225) 
[2021-08-28 08:26:28] [INFO]: 收到群 快捷指令技术交流(106511927) 内 多年以后(615772376) 的消息: 比如综合性的软件 (964927) 
[2021-08-28 08:26:38] [INFO]: 收到群 蛟龙交流群(807376211) 内 灵魂¿摆渡(193819672) 的消息: 有人代挂吗🐶 (60226) 
[2021-08-28 08:26:40] [INFO]: 收到群 快捷指令技术交流(106511927) 内 柒染(1843751301) 的消息: Qx (964928) 
[2021-08-28 08:26:41] [INFO]: 收到群 蛟龙交流群(807376211) 内 灵魂¿摆渡(193819672) 的消息: [CQ:image,file=bc40f4ac7b75114eba1a88606cf7733a.image] (60227) 
[2021-08-28 08:26:44] [INFO]: 收到群 蛟龙交流群(807376211) 内 哦豁，你又不懂啦(122501983) 的消息: [CQ:face,id=178] (60228) 
[2021-08-28 08:26:45] [INFO]: 收到群 快捷指令技术交流(106511927) 内 小小(371850465) 的消息: 你们ck 失效没 (964929) 
[2021-08-28 08:26:50] [INFO]: 收到群 快捷指令技术交流(106511927) 内 多年以后(615772376) 的消息: Qx是什么 (964930) 
[2021-08-28 08:26:55] [INFO]: 收到群 快捷指令技术交流(106511927) 内 多年以后(615772376) 的消息: 发来看看 (964931) 
[2021-08-28 08:26:55] [INFO]: 收到群 蛟龙交流群(807376211) 内 哦豁，你又不懂啦(122501983) 的消息: 把ck交出来 (60229) 
[2021-08-28 08:26:57] [INFO]: 收到群 快捷指令技术交流(106511927) 内 天天向上(764763903) 的消息: [CQ:image,file=4c316c713c1ee235f83c3d7ed0e7a205.image] (964932) 
[2021-08-28 08:27:06] [INFO]: 收到群 蛟龙交流群(807376211) 内 哦豁，你又不懂啦(122501983) 的消息: 我要冲刺了 (60230) 
[2021-08-28 08:27:09] [INFO]: 收到群 蛟龙交流群(807376211) 内 灵魂¿摆渡(193819672) 的消息: [CQ:image,file=bc40f4ac7b75114eba1a88606cf7733a.image] (60231) 
[2021-08-28 08:27:09] [INFO]: 收到群 蛟龙交流群(807376211) 内 江海寄余生(240484406) 的消息: 把ck发出来就好 (60232) 
[2021-08-28 08:27:15] [INFO]: 收到群 蛟龙交流群(807376211) 内 灵魂¿摆渡(193819672) 的消息: 在冲了在冲了 (60233) 
[2021-08-28 08:27:17] [INFO]: 收到群 快捷指令技术交流(106511927) 内 免费代装不包售后不包成功(741380889) 的消息: 好几百酷炫 (964933) 
[2021-08-28 08:27:24] [INFO]: 收到群 快捷指令技术交流(106511927) 内 江海寄余生(240484406) 的消息: 能提了。？ (964934) 
[2021-08-28 08:27:31] [INFO]: 收到群 蛟龙交流群(807376211) 内 哦豁，你又不懂啦(122501983) 的消息: [CQ:face,id=262] (60234) 
[2021-08-28 08:27:40] [INFO]: 收到群 蛟龙交流群(807376211) 内 华年(2041996029) 的消息: 谁用三星s21 (60235) 
[2021-08-28 08:27:44] [INFO]: 群 快捷指令技术交流(106511927) 内 天天向上(764763903) 撤回了 天天向上(764763903) 的消息: -2141299461. 
[2021-08-28 08:27:59] [INFO]: 收到群 快捷指令技术交流(106511927) 内 江海寄余生(240484406) 的消息: 谁的库 (964935) 
[2021-08-28 08:27:59] [INFO]: 收到群 快捷指令技术交流(106511927) 内 在遇见你(776779906) 的消息: 全部都凉了，ck没卵用了 (964936) 
[2021-08-28 08:28:04] [INFO]: 收到群 蛟龙交流群(807376211) 内 灵魂¿摆渡(193819672) 的消息: faker的库能更新吗 (60236) 
[2021-08-28 08:28:05] [INFO]: 收到群 快捷指令技术交流(106511927) 内 天天向上(764763903) 的消息: 溜了溜了 (964937) 
[2021-08-28 08:28:12] [INFO]: 收到群 蛟龙交流群(807376211) 内 哦豁，你又不懂啦(122501983) 的消息: 更新了 (60237) 
[2021-08-28 08:28:18] [INFO]: 收到群 蛟龙交流群(807376211) 内 哦豁，你又不懂啦(122501983) 的消息: 你去升级吧 (60238) 
[2021-08-28 08:28:35] [INFO]: 收到群 快捷指令技术交流(106511927) 内 天天向上(764763903) 的消息: 对对对 CK没软用了 (964938) 
[2021-08-28 08:28:52] [INFO]: 收到群 蛟龙交流群(807376211) 内 江海寄余生(240484406) 的消息: 删库？[CQ:face,id=277] (60239) 
[2021-08-28 08:29:12] [INFO]: 收到群 蛟龙交流群(807376211) 内 灵魂¿摆渡(193819672) 的消息: 可不敢乱更 (60240) 
[2021-08-28 08:29:32] [INFO]: 收到群 蛟龙交流群(807376211) 内 灵魂¿摆渡(193819672) 的消息: 今天醒来第一件事就是把库更新关掉 (60241) 
[2021-08-28 08:29:42] [INFO]: 收到群 蛟龙交流群(807376211) 内 浮生若梦(1819780875) 的消息: 昨天就关了 (60242) 
[2021-08-28 08:30:04] [INFO]: 收到群 蛟龙交流群(807376211) 内 灵魂¿摆渡(193819672) 的消息: 突然想起来昨晚0点应该更新过一次了 (60243) 
[2021-08-28 08:30:05] [INFO]: 收到群 蛟龙交流群(807376211) 内 灵魂¿摆渡(193819672) 的消息: [CQ:image,file=23da40580e22630207ccb36d1472d34a.image] (60244) 
[2021-08-28 08:30:22] [INFO]: 收到群 蛟龙交流群(807376211) 内 灵魂¿摆渡(193819672) 的消息: 好像库确实无事发生 (60245) 
[2021-08-28 08:30:31] [INFO]: 收到群 快捷指令技术交流(106511927) 内 德柯仓(1337737800) 的消息: 扫码又坏了吗 (964939) 
[2021-08-28 08:30:43] [INFO]: 收到群 快捷指令技术交流(106511927) 内 卧室内叠叠(2664336767) 的消息: 咋天天问呢 (964940) 
[2021-08-28 08:30:52] [INFO]: 收到群 快捷指令技术交流(106511927) 内 卧室内叠叠(2664336767) 的消息: 凡不凡啊 (964941) 
[2021-08-28 08:30:52] [INFO]: 收到群 快捷指令技术交流(106511927) 内 借我怦然心动如往昔(2224791481) 的消息: 哈哈哈 (964942) 
[2021-08-28 08:30:53] [INFO]: 收到群 蛟龙交流群(807376211) 内 少侠.请留步....(14991851) 的消息: 毛事没有 (60246) 
[2021-08-28 08:30:57] [INFO]: 收到群 快捷指令技术交流(106511927) 内 借我怦然心动如往昔(2224791481) 的消息: 刚加群是吗 (964943) 
[2021-08-28 08:31:25] [INFO]: 收到群 快捷指令技术交流(106511927) 内 苦涩的心弦(1459249261) 的消息: [CQ:image,file=9046decdc8965b10015f323314805dd4.image] (964944) 
[2021-08-28 08:31:40] [INFO]: 收到群 追梦纯净ROM交流7群(128261206) 内 Q群管家(2854196310) 的消息: [CQ:at,qq=1464119472] 欢迎加入追梦ROM交流中心，进群先看群公告教程步骤及注意事项，刷机包，rec都在群公告，祝你刷机愉快
——来自群管理员（2449173665）的编辑 (54249) 
[2021-08-28 08:31:40] [INFO]: 新成员 ‭  (1464119472) 进入了群 追梦纯净ROM交流7群(128261206). 
[2021-08-28 08:31:50] [INFO]: 新成员 cheny(1012047004) 进入了群 追梦纯净ROM交流7群(128261206). 
[2021-08-28 08:31:50] [INFO]: 收到群 追梦纯净ROM交流7群(128261206) 内 Q群管家(2854196310) 的消息: [CQ:at,qq=1012047004] 欢迎加入追梦ROM交流中心，进群先看群公告教程步骤及注意事项，刷机包，rec都在群公告，祝你刷机愉快
——来自群管理员（2449173665）的编辑 (54250) 
[2021-08-28 08:32:11] [INFO]: 收到群 蛟龙交流群(807376211) 内 梦屿千寻(2946471396) 的消息: [CQ:image,file=3adb2c16c2b769a98ad5eb2223547c22.image] (60247) 
[2021-08-28 08:32:32] [INFO]: 收到好友 Vast.(429466630) 的消息: 重启 (22981) 
[2021-08-28 08:32:38] [INFO]: 将使用 device.json 内的设备信息运行Bot. 
[2021-08-28 08:32:38] [INFO]: 开始尝试登录并同步消息... 
[2021-08-28 08:32:38] [INFO]: 使用协议: iPad 
[2021-08-28 08:32:39] [INFO]: Protocol -> connect to server: 113.96.13.125:8080 
[2021-08-28 08:32:42] [ERROR]: Protocol -> unknown group msg: 0 
[2021-08-28 08:32:42] [ERROR]: Protocol -> unknown group message type: 12 
[2021-08-28 08:32:46] [INFO]: 登录成功 欢迎使用: 　 
[2021-08-28 08:32:46] [INFO]: 开始加载好友列表... 
[2021-08-28 08:32:46] [INFO]: 共加载 52 个好友. 
[2021-08-28 08:32:46] [INFO]: 开始加载群列表... 
[2021-08-28 08:33:03] [INFO]: 共加载 19 个群. 
[2021-08-28 08:33:03] [WARNING]: 警告: 信息数据库已关闭，将无法使用 [回复/撤回] 等功能。 
[2021-08-28 08:33:03] [WARNING]: post-format 配置错误, 将自动使用 string 
[2021-08-28 08:33:03] [INFO]: 资源初始化完成, 开始处理信息. 
[2021-08-28 08:33:03] [INFO]: アトリは、高性能ですから! 
[2021-08-28 08:33:50] [INFO]: 收到群 快捷指令技术交流(106511927) 内 哈哈(296322140) 的消息: [CQ:image,file=e48960983382b2500436b8f4106d0de5.image] (964946) 
[2021-08-28 08:33:50] [INFO]: 收到群 快捷指令技术交流(106511927) 内 哈哈(296322140) 的消息: 擦 (964947) 
[2021-08-28 08:33:53] [INFO]: 收到群 快捷指令技术交流(106511927) 内 复读机 袋装20块，丢我ip密码就行(84503269) 的消息: 我看了微博有人骂it之家 (964948) 
[2021-08-28 08:34:26] [INFO]: 收到群 快捷指令技术交流(106511927) 内 复读机 袋装20块，丢我ip密码就行(84503269) 的消息: 隔壁群的软件可以获取ck (964949) 
[2021-08-28 08:34:34] [INFO]: 收到群 蛟龙交流群(807376211) 内 ライバル(2052870939) 的消息: 我cookie失效一半多 (60249) 
[2021-08-28 08:34:41] [INFO]: 收到群 蛟龙交流群(807376211) 内 ライバル(2052870939) 的消息: 淦 (60250) 
[2021-08-28 08:34:49] [INFO]: 收到群 快捷指令技术交流(106511927) 内 青苔(511906101) 的消息: 发上来啊 (964950) 
[2021-08-28 08:35:08] [INFO]: 收到群 快捷指令技术交流(106511927) 内 在遇见你(776779906) 的消息: 为了流量不择手段，真tm死父母 (964951) 
[2021-08-28 08:35:16] [INFO]: 收到群 快捷指令技术交流(106511927) 内 ライバル(2052870939) 的消息: 我cookie失效80% (964952) 
[2021-08-28 08:35:20] [INFO]: 收到群 快捷指令技术交流(106511927) 内 复读机 袋装20块，丢我ip密码就行(84503269) 的消息: 我他妈又不是管理 (964953) 
[2021-08-28 08:35:24] [INFO]: 收到群 快捷指令技术交流(106511927) 内 ライバル(2052870939) 的消息: 今天没红包，没京豆 (964954) 
[2021-08-28 08:35:24] [INFO]: 收到群 蛟龙交流群(807376211) 内 梦屿千寻(2946471396) 的消息: [CQ:image,file=39a538428d7ee63902d3b0af2ff44c10.image] (60251) 
[2021-08-28 08:35:25] [INFO]: 收到群 快捷指令技术交流(106511927) 内 ライバル(2052870939) 的消息: 淦 (964955) 
[2021-08-28 08:35:27] [INFO]: 收到群 蛟龙交流群(807376211) 内 栤媞娷着の氺(71613318) 的消息: ck都在 (60252) 
[2021-08-28 08:35:32] [INFO]: 收到群 蛟龙交流群(807376211) 内 栤媞娷着の氺(71613318) 的消息: 豆变少了 (60253) 
[2021-08-28 08:35:33] [INFO]: 收到群 快捷指令技术交流(106511927) 内 代抢财富岛红包(934708220) 的消息: 什么隔壁 (964956) 
[2021-08-28 08:35:45] [INFO]: 收到群 快捷指令技术交流(106511927) 内 复读机 袋装20块，丢我ip密码就行(84503269) 的消息: 2群 (964957) 
[2021-08-28 08:35:49] [INFO]: 收到群 蛟龙交流群(807376211) 内 梦屿千寻(2946471396) 的消息: 服务器关了吧，下一部可能封号了 (60254) 
[2021-08-28 08:35:54] [INFO]: 收到群 蛟龙交流群(807376211) 内 梦屿千寻(2946471396) 的消息: [CQ:image,file=7d5bf4761a7aeefc64083faf323ca0db.image] (60255) 
[2021-08-28 08:36:00] [INFO]: 收到群 快捷指令技术交流(106511927) 内 国内海外低价服务器找我(54743135) 的消息: [CQ:face,id=240] (964958) 
[2021-08-28 08:36:09] [INFO]: 收到群 蛟龙交流群(807376211) 内 梦屿千寻(2946471396) 的消息: [CQ:image,file=39a538428d7ee63902d3b0af2ff44c10.image] (60256) 
[2021-08-28 08:36:17] [INFO]: 收到群 快捷指令技术交流(106511927) 内 复读机 袋装20块，丢我ip密码就行(84503269) 的消息: app的 (964959) 
[2021-08-28 08:36:20] [INFO]: 收到群 蛟龙交流群(807376211) 内 浮生若梦(1819780875) 的消息: 封号不可能的 (60257) 
[2021-08-28 08:36:30] [INFO]: 收到群 快捷指令技术交流(106511927) 内 小玖(728505950) 的消息: 用我的编译吧 (964960) 
[2021-08-28 08:36:34] [INFO]: 收到群 蛟龙交流群(807376211) 内 华年(2041996029) 的消息: 几个豆就封号啊 (60258) 
[2021-08-28 08:36:45] [INFO]: 收到群 快捷指令技术交流(106511927) 内 小玖(728505950) 的消息: [CQ:image,file=3e68193fac29718c30ac446b1b9a371d.image] (964961) 
[2021-08-28 08:36:48] [INFO]: 收到群 快捷指令技术交流(106511927) 内 代抢财富岛红包(934708220) 的消息: [CQ:image,file=2be3fc051f71b0e9e122e0a90e283703.image] (964962) 
[2021-08-28 08:36:49] [INFO]: 收到群 快捷指令技术交流(106511927) 内 小玖(728505950) 的消息: 不会自动更新 (964963) 
[2021-08-28 08:36:50] [INFO]: 收到群 蛟龙交流群(807376211) 内 栤媞娷着の氺(71613318) 的消息: [CQ:image,file=020b0996f0d3edbf66bffe2ea189cd21.image] (60259) 
[2021-08-28 08:37:03] [INFO]: 收到群 蛟龙交流群(807376211) 内 栤媞娷着の氺(71613318) 的消息: 太少了都 (60260) 
[2021-08-28 08:37:07] [INFO]: 收到群 蛟龙交流群(807376211) 内 栤媞娷着の氺(71613318) 的消息: 才几十个 (60261) 
[2021-08-28 08:37:11] [INFO]: 收到群 快捷指令技术交流(106511927) 内 代抢财富岛红包(934708220) 的消息: 能 扫码？ (964964) 
[2021-08-28 08:37:13] [INFO]: 收到群 快捷指令技术交流(106511927) 内 小玖(728505950) 的消息: 跑路前的上个版本 (964965) 
[2021-08-28 08:37:15] [INFO]: 收到群 蛟龙交流群(807376211) 内 灵魂¿摆渡(193819672) 的消息: 这才早上刚开始 (60262) 
[2021-08-28 08:37:15] [INFO]: 收到群 蛟龙交流群(807376211) 内 栤媞娷着の氺(71613318) 的消息: 都是100左右…… (60263) 
[2021-08-28 08:37:18] [INFO]: 收到群 蛟龙交流群(807376211) 内 灵魂¿摆渡(193819672) 的消息: 晚上看看 (60264) 
[2021-08-28 08:37:20] [INFO]: 收到群 蛟龙交流群(807376211) 内 灵魂¿摆渡(193819672) 的消息: [CQ:image,file=23da40580e22630207ccb36d1472d34a.image] (60265) 
[2021-08-28 08:37:20] [INFO]: 收到群 快捷指令技术交流(106511927) 内 小玖(728505950) 的消息: 没ua不能 (964966) 
[2021-08-28 08:37:35] [INFO]: 收到群 蛟龙交流群(807376211) 内 栤媞娷着の氺(71613318) 的消息: 之前早上起来200多个 (60266) 
[2021-08-28 08:37:50] [INFO]: 收到群 蛟龙交流群(807376211) 内 灵魂¿摆渡(193819672) 的消息: [CQ:image,file=23da40580e22630207ccb36d1472d34a.image] (60267) 
[2021-08-28 08:38:09] [INFO]: 收到群 7群黑松鼠游戏交流群<$(908254349) 内 黑松鼠忠粉(1071374414) 的消息: [CQ:at,qq=1362400429] 你好 ，管理，如今的COC新手基本只能QQ登录了，能不能帮忙研究一下切换QQ号登录呀，别人不知道，你肯定有办法的 (540215) 
[2021-08-28 08:38:18] [INFO]: 收到群 蛟龙交流群(807376211) 内 裴(594578545) 的消息: 今天红包好多 (60268) 
[2021-08-28 08:38:22] [INFO]: 收到群 蛟龙交流群(807376211) 内 裴(594578545) 的消息: 9块钱 (60269) 
[2021-08-28 08:38:38] [INFO]: 收到群 蛟龙交流群(807376211) 内 灵魂¿摆渡(193819672) 的消息: 甚么红包 (60270) 
[2021-08-28 08:38:48] [INFO]: 收到群 蛟龙交流群(807376211) 内 裴(594578545) 的消息: 京喜 (60271) 
[2021-08-28 08:39:04] [INFO]: 收到群 快捷指令技术交流(106511927) 内 天天向上(764763903) 的消息: 哈哈哈大家都过期 (964967) 
[2021-08-28 08:39:07] [INFO]: 收到群 快捷指令技术交流(106511927) 内 天天向上(764763903) 的消息: 我能收割CK了 (964968) 
[2021-08-28 08:39:20] [INFO]: 收到群 蛟龙交流群(807376211) 内 ライバル(2052870939) 的消息: 我之前都每天10多20多红包的 (60272) 
[2021-08-28 08:39:27] [INFO]: 收到群 蛟龙交流群(807376211) 内 ライバル(2052870939) 的消息: 今天才几毛[CQ:face,id=173][CQ:face,id=173][CQ:face,id=173] (60273) 
[2021-08-28 08:39:30] [INFO]: 收到群 蛟龙交流群(807376211) 内 裴(594578545) 的消息: 这么多 (60274) 
[2021-08-28 08:40:04] [INFO]: 收到群 Tblist(299791604) 内 人活着就是为了樱岛麻衣(1318242449) 的消息: 图来 (111982) 
[2021-08-28 08:40:07] [INFO]: 收到群 Tblist(299791604) 内 人活着就是为了樱岛麻衣(1772883996) 的消息: [CQ:image,file=ba394b3a7f36ceefff8660f9bae5590f.image] (111983) 
[2021-08-28 08:41:22] [INFO]: 将使用 device.json 内的设备信息运行Bot. 
[2021-08-28 08:41:22] [INFO]: 开始尝试登录并同步消息... 
[2021-08-28 08:41:22] [INFO]: 使用协议: iPad 
[2021-08-28 08:41:23] [INFO]: Protocol -> connect to server: 113.96.12.85:8080 
[2021-08-28 08:41:24] [ERROR]: Protocol -> unknown group msg: 0 
[2021-08-28 08:41:24] [ERROR]: Protocol -> unknown group message type: 12 
[2021-08-28 08:41:28] [INFO]: 登录成功 欢迎使用: 　 
[2021-08-28 08:41:28] [INFO]: 开始加载好友列表... 
[2021-08-28 08:41:29] [INFO]: 共加载 52 个好友. 
[2021-08-28 08:41:29] [INFO]: 开始加载群列表... 
[2021-08-28 08:41:30] [INFO]: 共加载 19 个群. 
[2021-08-28 08:41:30] [WARNING]: 警告: 信息数据库已关闭，将无法使用 [回复/撤回] 等功能。 
[2021-08-28 08:41:30] [WARNING]: post-format 配置错误, 将自动使用 string 
[2021-08-28 08:41:30] [INFO]: 资源初始化完成, 开始处理信息. 
[2021-08-28 08:41:30] [INFO]: アトリは、高性能ですから! 
[2021-08-28 08:41:31] [INFO]: 收到群 蛟龙交流群(807376211) 内 梦屿千寻(2946471396) 的消息: [CQ:image,file=8eb86b3e74c8a373c8735688c9079c4f.image] (60280) 
[2021-08-28 08:41:38] [INFO]: 收到群 快捷指令技术交流(106511927) 内 专养宠物猪(1562191358) 的消息: 刚入圈x  拉了个懒人配置，好多不能用 (964972) 
[2021-08-28 08:41:39] [INFO]: 收到群 追梦纯净ROM交流7群(128261206) 内 小叶纸(1543183144) 的消息: 每次装软件都要重启一次 (54252) 
[2021-08-28 08:41:51] [INFO]: 收到群 追梦纯净ROM交流7群(128261206) 内 小叶纸(1543183144) 的消息: 安装按钮就是按不了 (54253) 
[2021-08-28 08:41:54] [INFO]: 群 追梦纯净ROM交流7群(128261206) 内 小叶纸(1543183144) 撤回了 小叶纸(1543183144) 的消息: -1531199450. 
[2021-08-28 08:41:57] [INFO]: 收到群 追梦纯净ROM交流7群(128261206) 内 小叶纸(1543183144) 的消息: 每次装软件都要重启一次 (54254) 
[2021-08-28 08:41:58] [INFO]: 收到群 快捷指令技术交流(106511927) 内 卧室内叠叠(2664336767) 的消息: [CQ:image,file=795f75fd073def238089d59f070cd139.image] (964973) 
[2021-08-28 08:42:08] [INFO]: 收到群 蛟龙交流群(807376211) 内 猫(16717364) 的消息: 88 (60281) 
[2021-08-28 08:42:09] [INFO]: 收到群 蛟龙交流群(807376211) 内 哦豁，你又不懂啦(122501983) 的消息: 总数3621有效3588,无效33,今日失效15,今日扫码32,今日新增5 (60282) 
[2021-08-28 08:42:10] [INFO]: 收到群 蛟龙交流群(807376211) 内 猫(16717364) 的消息: 锦鲤 (60283) 
[2021-08-28 08:42:21] [INFO]: 收到群 蛟龙交流群(807376211) 内 猫(16717364) 的消息: [CQ:reply,id=-666770467][CQ:at,qq=122501983] [CQ:at,qq=122501983] 6p (60284) 
[2021-08-28 08:42:36] [INFO]: 收到好友 Vast.(429466630) 的消息: 查询 1 (22982) 
[2021-08-28 08:43:00] [INFO]: 收到群 蛟龙交流群(807376211) 内 哦豁，你又不懂啦(122501983) 的消息: 不是我的 (60285) 
[2021-08-28 08:43:03] [INFO]: 收到群 蛟龙交流群(807376211) 内 哦豁，你又不懂啦(122501983) 的消息: 隔壁群的 (60286) 
[2021-08-28 08:43:15] [INFO]: 收到群 蛟龙交流群(807376211) 内 哦豁，你又不懂啦(122501983) 的消息: 我的怎么可能会失效 (60287) 
[2021-08-28 08:43:17] [INFO]: 收到群 蛟龙交流群(807376211) 内 哦豁，你又不懂啦(122501983) 的消息: [CQ:face,id=178] (60288) 
[2021-08-28 08:43:20] [INFO]: 收到群 蛟龙交流群(807376211) 内 ライバル(2052870939) 的消息: [CQ:at,qq=122501983] 把xdd那个文件夹拷给我可以吗？ (60289) 
[2021-08-28 08:43:21] [INFO]: 收到好友 Vast.(429466630) 的消息: 重启 (22983) 
[2021-08-28 08:43:25] [INFO]: 将使用 device.json 内的设备信息运行Bot. 
[2021-08-28 08:43:25] [INFO]: 开始尝试登录并同步消息... 
[2021-08-28 08:43:25] [INFO]: 使用协议: iPad 
[2021-08-28 08:43:26] [INFO]: Protocol -> connect to server: 113.96.13.125:8080 
[2021-08-28 08:43:27] [ERROR]: Protocol -> unknown group msg: 0 
[2021-08-28 08:43:27] [ERROR]: Protocol -> unknown group message type: 12 
[2021-08-28 08:43:33] [INFO]: 登录成功 欢迎使用: 　 
[2021-08-28 08:43:33] [INFO]: 开始加载好友列表... 
[2021-08-28 08:43:33] [INFO]: 共加载 52 个好友. 
[2021-08-28 08:43:33] [INFO]: 开始加载群列表... 
[2021-08-28 08:43:48] [INFO]: 共加载 19 个群. 
[2021-08-28 08:43:48] [WARNING]: 警告: 信息数据库已关闭，将无法使用 [回复/撤回] 等功能。 
[2021-08-28 08:43:48] [WARNING]: post-format 配置错误, 将自动使用 string 
[2021-08-28 08:43:48] [INFO]: 资源初始化完成, 开始处理信息. 
[2021-08-28 08:43:48] [INFO]: アトリは、高性能ですから! 
[2021-08-28 08:43:58] [INFO]: 收到群 蛟龙交流群(807376211) 内 哦豁，你又不懂啦(122501983) 的消息: 。 (60292) 
[2021-08-28 08:43:59] [INFO]: 收到群 蛟龙交流群(807376211) 内 ライバル(2052870939) 的消息: 我TM信了邪 (60293) 
[2021-08-28 08:44:00] [INFO]: 收到群 快捷指令技术交流(106511927) 内 霸道哥丶(334179002) 的消息: 圈X是很多不行 (964974) 
[2021-08-28 08:44:03] [INFO]: 收到群 蛟龙交流群(807376211) 内 ライバル(2052870939) 的消息: 升级了 (60294) 
[2021-08-28 08:44:11] [INFO]: 收到群 蛟龙交流群(807376211) 内 ライバル(2052870939) 的消息: 谁没升级 (60295) 
[2021-08-28 08:44:14] [INFO]: 收到群 蛟龙交流群(807376211) 内 哦豁，你又不懂啦(122501983) 的消息: 也是个人才 (60296) 
[2021-08-28 08:44:23] [INFO]: 收到群 蛟龙交流群(807376211) 内 ライバル(2052870939) 的消息: docker导出下镜像 (60297) 
[2021-08-28 08:44:34] [INFO]: 收到群 蛟龙交流群(807376211) 内 梦屿千寻(2946471396) 的消息: 我面板又被爆破了 (60298) 
[2021-08-28 08:44:37] [INFO]: 收到群 蛟龙交流群(807376211) 内 梦屿千寻(2946471396) 的消息: [CQ:image,file=8eb86b3e74c8a373c8735688c9079c4f.image] (60299) 
[2021-08-28 08:44:40] [INFO]: 收到群 蛟龙交流群(807376211) 内 哦豁，你又不懂啦(122501983) 的消息: 好呀 (60300) 
[2021-08-28 08:44:46] [INFO]: 收到群 蛟龙交流群(807376211) 内 梦屿千寻(2946471396) 的消息: 看来要改下端口口了 (60301) 
[2021-08-28 08:44:47] [INFO]: 收到群 蛟龙交流群(807376211) 内 哦豁，你又不懂啦(122501983) 的消息: 太开心了 (60302) 
[2021-08-28 08:44:48] [INFO]: 收到群 蛟龙交流群(807376211) 内 梦屿千寻(2946471396) 的消息: [CQ:image,file=2e359eb1dc1ceb8c43427e6a28f5999b.image] (60303) 
[2021-08-28 08:44:49] [INFO]: 收到群 快捷指令技术交流(106511927) 内 ........(354142610) 的消息: 话说……我的好像都正常[CQ:face,id=3]还能继续挂吗 (964975) 
[2021-08-28 08:45:04] [INFO]: 收到群 快捷指令技术交流(106511927) 内 艾特收费5毛(378904298) 的消息: 都正常的 还问 (964976) 
[2021-08-28 08:45:07] [INFO]: 收到群 追梦纯净ROM交流7群(128261206) 内 ꧁༺星雾༻꧂(1801662994) 的消息: 用安卓狮啊 (54255) 
[2021-08-28 08:45:16] [INFO]: 将使用 device.json 内的设备信息运行Bot. 
[2021-08-28 08:45:16] [INFO]: 开始尝试登录并同步消息... 
[2021-08-28 08:45:16] [INFO]: 使用协议: iPad 
[2021-08-28 08:45:16] [INFO]: Protocol -> connect to server: 113.96.13.95:8080 
[2021-08-28 08:45:17] [ERROR]: Protocol -> unknown group msg: 0 
[2021-08-28 08:45:17] [ERROR]: Protocol -> unknown group message type: 12 
[2021-08-28 08:45:23] [INFO]: 登录成功 欢迎使用: 　 
[2021-08-28 08:45:23] [INFO]: 开始加载好友列表... 
[2021-08-28 08:45:23] [INFO]: 共加载 52 个好友. 
[2021-08-28 08:45:23] [INFO]: 开始加载群列表... 
[2021-08-28 08:45:24] [INFO]: 共加载 19 个群. 
[2021-08-28 08:45:24] [WARNING]: 警告: 信息数据库已关闭，将无法使用 [回复/撤回] 等功能。 
[2021-08-28 08:45:24] [WARNING]: post-format 配置错误, 将自动使用 string 
[2021-08-28 08:45:24] [INFO]: 资源初始化完成, 开始处理信息. 
[2021-08-28 08:45:24] [INFO]: アトリは、高性能ですから! 
[2021-08-28 08:45:47] [INFO]: 收到群 追梦纯净ROM交流7群(128261206) 内 ㅤ(858293514) 的消息: 我感觉安装狮还没系统自带得好用 (54256) 
[2021-08-28 08:46:11] [INFO]: 收到群 追梦纯净ROM交流7群(128261206) 内 笙声不息(1609879195) 的消息: MIUI又开发新BUG了？ (54257) 
[2021-08-28 08:46:22] [INFO]: 收到群 蛟龙交流群(807376211) 内 ライバル(2052870939) 的消息: [CQ:at,qq=122501983] 哥，导个镜像，或copy一下 (60305) 
[2021-08-28 08:46:56] [INFO]: 收到群 快捷指令技术交流(106511927) 内 借我怦然心动如往昔(2224791481) 的消息: 经典 (964977) 
[2021-08-28 08:47:13] [INFO]: 群 Tblist(299791604) 内 　　　　　　　　(2644339467) 戳了戳 人活着就是为了樱岛麻衣(1772883996) 
[2021-08-28 08:47:14] [INFO]: 收到群 Tblist(299791604) 内 人活着就是为了樱岛麻衣(1772883996) 的消息: 杰哥不要了啦 (111984) 
[2021-08-28 08:47:16] [INFO]: 收到群 追梦纯净ROM交流7群(128261206) 内 秋月(189895362) 的消息: [CQ:image,file=6872908e20c94c6a7f1ded9adaa75b54.image] (54258) 
[2021-08-28 08:47:34] [INFO]: 收到群 追梦纯净ROM交流7群(128261206) 内 k20pro(3149136896) 的消息: 解决了用户能够顺畅安装软件的bug (54259) 
[2021-08-28 08:47:51] [INFO]: 收到群 追梦纯净ROM交流7群(128261206) 内 秋月(189895362) 的消息: 解决了用户能够安装软件的bug (54260) 
[2021-08-28 08:47:54] [INFO]: 收到群 蛟龙交流群(807376211) 内 ライバル(2052870939) 的消息: 算了 (60306) 
