[2021-08-25 00:10:10] [INFO]: 收到群 备战双11(675401456) 内 清欢(1239822095) 的消息: 查询 (2193) 
[2021-08-25 00:11:11] [INFO]: 收到群 备战双11(675401456) 内 　(97664430) 的消息: 可以扫了 (2195) 
[2021-08-25 00:11:29] [INFO]: 收到群 备战双11(675401456) 内 　(97664430) 的消息: 有点失误会跳转浏览器 (2196) 
[2021-08-25 00:11:42] [INFO]: 收到群 备战双11(675401456) 内 放学丶别走(768119357) 的消息: 扫码 (2197) 
[2021-08-25 00:12:31] [INFO]: 收到群 备战双11(675401456) 内 　　　(979887103) 的消息: 查询 (2199) 
[2021-08-25 00:12:32] [INFO]: 收到好友 　(97664430) 的消息: set-ua Mozilla/5.0 (iPhone; U; CPU iPhone OS 4_3_2 like Mac OS X; en-us) AppleWebKit/533.17.9 (KHTML, like Gecko) Version/5.0.2 Mobile/8H7 Safari/6533.18.5 Language/zh_CN Process/tools (10645) 
[2021-08-25 00:12:36] [INFO]: 收到好友 　(97664430) 的消息: 扫码 (10646) 
[2021-08-25 00:13:25] [INFO]: 收到好友 　(97664430) 的消息: set-ua Mozilla/5.0 (iPhone 6s; CPU iPhone OS 11_4_1 like Mac OS X) AppleWebKit/604.3.5 (KHTML, like Gecko) Version/11.0 MQQBrowser/8.3.0 Mobile/15B87 Safari/604.1 MttCustomUA/2 UCBrowser/13.4.2.1122 (10647) 
[2021-08-25 00:13:35] [INFO]: 收到好友 　(97664430) 的消息: 扫码 (10648) 
[2021-08-25 00:14:16] [INFO]: 收到群 备战双11(675401456) 内 清欢(1239822095) 的消息: [CQ:face,id=286]昨天收入93豆是什么鬼 (2201) 
[2021-08-25 00:14:30] [INFO]: 收到群 备战双11(675401456) 内 　(97664430) 的消息: 没活动了 (2202) 
[2021-08-25 00:15:42] [INFO]: 收到群 备战双11(675401456) 内 　(97664430) 的消息: [CQ:image,file=d117781ceff2ee6355e4a2b2b3320a1f.image] (2203) 
[2021-08-25 00:15:49] [INFO]: 收到群 备战双11(675401456) 内 　(97664430) 的消息: 也不知道去开启一下 (2204) 
[2021-08-25 00:16:00] [INFO]: 收到群 备战双11(675401456) 内 清欢(1239822095) 的消息: 额 (2205) 
[2021-08-25 00:26:35] [INFO]: 收到好友 　(97664430) 的消息: 升级 (10649) 
[2021-08-25 00:27:46] [INFO]: 收到好友 　(97664430) 的消息: 升级 (10650) 
[2021-08-25 00:28:02] [INFO]: 将使用 device.json 内的设备信息运行Bot. 
[2021-08-25 00:28:02] [INFO]: 开始尝试登录并同步消息... 
[2021-08-25 00:28:02] [INFO]: 使用协议: iPad 
[2021-08-25 00:28:03] [INFO]: Protocol -> connect to server: 193.112.231.60:8080 
[2021-08-25 00:28:04] [INFO]: 登录成功 欢迎使用: ql 
[2021-08-25 00:28:04] [INFO]: 开始加载好友列表... 
[2021-08-25 00:28:04] [INFO]: 共加载 3 个好友. 
[2021-08-25 00:28:04] [INFO]: 开始加载群列表... 
[2021-08-25 00:28:04] [INFO]: 共加载 1 个群. 
[2021-08-25 00:28:04] [WARNING]: 警告: 信息数据库已关闭，将无法使用 [回复/撤回] 等功能。 
[2021-08-25 00:28:04] [WARNING]: post-format 配置错误, 将自动使用 string 
[2021-08-25 00:28:04] [INFO]: 资源初始化完成, 开始处理信息. 
[2021-08-25 00:28:04] [INFO]: アトリは、高性能ですから! 
[2021-08-25 00:28:06] [INFO]: 收到服务器地址更新通知, 根据配置文件已忽略. 
[2021-08-25 00:35:33] [INFO]: 收到好友 　(97664430) 的消息: 重启 (10651) 
[2021-08-25 00:35:35] [INFO]: 将使用 device.json 内的设备信息运行Bot. 
[2021-08-25 00:35:35] [INFO]: 开始尝试登录并同步消息... 
[2021-08-25 00:35:35] [INFO]: 使用协议: iPad 
[2021-08-25 00:35:35] [INFO]: Protocol -> connect to server: 113.96.12.85:8080 
[2021-08-25 00:35:37] [INFO]: 登录成功 欢迎使用: ql 
[2021-08-25 00:35:37] [INFO]: 开始加载好友列表... 
[2021-08-25 00:35:37] [INFO]: 共加载 3 个好友. 
[2021-08-25 00:35:37] [INFO]: 开始加载群列表... 
[2021-08-25 00:35:37] [INFO]: 共加载 1 个群. 
[2021-08-25 00:35:37] [WARNING]: 警告: 信息数据库已关闭，将无法使用 [回复/撤回] 等功能。 
[2021-08-25 00:35:37] [WARNING]: post-format 配置错误, 将自动使用 string 
[2021-08-25 00:35:37] [INFO]: 资源初始化完成, 开始处理信息. 
[2021-08-25 00:35:37] [INFO]: アトリは、高性能ですから! 
[2021-08-25 00:36:27] [INFO]: 收到好友 　(97664430) 的消息: 壁纸 (10652) 
[2021-08-25 00:41:24] [INFO]: 收到好友 　(97664430) 的消息: 打卡 (10653) 
[2021-08-25 00:43:26] [INFO]: 收到好友 　(97664430) 的消息: 助力 (10654) 
[2021-08-25 00:44:17] [INFO]: 收到好友 　(97664430) 的消息: 升级 (10655) 
[2021-08-25 00:45:41] [INFO]: 收到好友 　(97664430) 的消息: 重启 (10656) 
[2021-08-25 00:45:43] [INFO]: 将使用 device.json 内的设备信息运行Bot. 
[2021-08-25 00:45:43] [INFO]: 开始尝试登录并同步消息... 
[2021-08-25 00:45:43] [INFO]: 使用协议: iPad 
[2021-08-25 00:45:44] [INFO]: Protocol -> connect to server: 113.96.13.95:8080 
[2021-08-25 00:45:47] [INFO]: 登录成功 欢迎使用: ql 
[2021-08-25 00:45:47] [INFO]: 开始加载好友列表... 
[2021-08-25 00:45:47] [INFO]: 共加载 3 个好友. 
[2021-08-25 00:45:47] [INFO]: 开始加载群列表... 
[2021-08-25 00:45:47] [INFO]: 共加载 1 个群. 
[2021-08-25 00:45:47] [WARNING]: 警告: 信息数据库已关闭，将无法使用 [回复/撤回] 等功能。 
[2021-08-25 00:45:47] [WARNING]: post-format 配置错误, 将自动使用 string 
[2021-08-25 00:45:47] [INFO]: 资源初始化完成, 开始处理信息. 
[2021-08-25 00:45:47] [INFO]: アトリは、高性能ですから! 
[2021-08-25 00:46:11] [INFO]: 将使用 device.json 内的设备信息运行Bot. 
[2021-08-25 00:46:11] [INFO]: 开始尝试登录并同步消息... 
[2021-08-25 00:46:11] [INFO]: 使用协议: iPad 
[2021-08-25 00:46:13] [INFO]: Protocol -> connect to server: 113.96.13.125:8080 
[2021-08-25 00:46:14] [INFO]: 登录成功 欢迎使用: ql 
[2021-08-25 00:46:14] [INFO]: 开始加载好友列表... 
[2021-08-25 00:46:14] [INFO]: 共加载 3 个好友. 
[2021-08-25 00:46:14] [INFO]: 开始加载群列表... 
[2021-08-25 00:46:14] [INFO]: 共加载 1 个群. 
[2021-08-25 00:46:14] [WARNING]: 警告: 信息数据库已关闭，将无法使用 [回复/撤回] 等功能。 
[2021-08-25 00:46:14] [WARNING]: post-format 配置错误, 将自动使用 string 
[2021-08-25 00:46:14] [INFO]: 资源初始化完成, 开始处理信息. 
[2021-08-25 00:46:14] [INFO]: アトリは、高性能ですから! 
[2021-08-25 00:46:51] [INFO]: 收到好友 　(97664430) 的消息: 重启 (10657) 
[2021-08-25 00:46:52] [INFO]: 将使用 device.json 内的设备信息运行Bot. 
[2021-08-25 00:46:52] [INFO]: 开始尝试登录并同步消息... 
[2021-08-25 00:46:52] [INFO]: 使用协议: iPad 
[2021-08-25 00:46:54] [INFO]: Protocol -> connect to server: 113.96.13.95:8080 
[2021-08-25 00:46:55] [INFO]: 登录成功 欢迎使用: ql 
[2021-08-25 00:46:55] [INFO]: 开始加载好友列表... 
[2021-08-25 00:46:55] [INFO]: 共加载 3 个好友. 
[2021-08-25 00:46:55] [INFO]: 开始加载群列表... 
[2021-08-25 00:46:55] [INFO]: 共加载 1 个群. 
[2021-08-25 00:46:56] [WARNING]: 警告: 信息数据库已关闭，将无法使用 [回复/撤回] 等功能。 
[2021-08-25 00:46:56] [WARNING]: post-format 配置错误, 将自动使用 string 
[2021-08-25 00:46:56] [INFO]: 资源初始化完成, 开始处理信息. 
[2021-08-25 00:46:56] [INFO]: アトリは、高性能ですから! 
[2021-08-25 00:47:04] [INFO]: 收到好友 　(97664430) 的消息: 查询 (10658) 
[2021-08-25 00:47:21] [INFO]: 收到好友 　(97664430) 的消息: 查询 (10659) 
[2021-08-25 00:47:25] [INFO]: 收到好友 　(97664430) 的消息: 升级 (10660) 
[2021-08-25 00:47:40] [INFO]: 收到好友 　(97664430) 的消息: 扫码 (10661) 
[2021-08-25 00:52:59] [INFO]: 收到好友 　(97664430) 的消息: 升级 (26344) 
[2021-08-25 00:53:09] [INFO]: 收到好友 　(97664430) 的消息: 查询 (26345) 
[2021-08-25 00:56:38] [INFO]: 将使用 device.json 内的设备信息运行Bot. 
[2021-08-25 00:56:38] [INFO]: 开始尝试登录并同步消息... 
[2021-08-25 00:56:38] [INFO]: 使用协议: iPad 
[2021-08-25 00:56:39] [INFO]: Protocol -> connect to server: 113.96.13.208:8080 
[2021-08-25 00:56:40] [INFO]: 登录成功 欢迎使用: ql 
[2021-08-25 00:56:40] [INFO]: 开始加载好友列表... 
[2021-08-25 00:56:40] [INFO]: 共加载 3 个好友. 
[2021-08-25 00:56:40] [INFO]: 开始加载群列表... 
[2021-08-25 00:56:40] [INFO]: 共加载 1 个群. 
[2021-08-25 00:56:40] [WARNING]: 警告: 信息数据库已关闭，将无法使用 [回复/撤回] 等功能。 
[2021-08-25 00:56:40] [WARNING]: post-format 配置错误, 将自动使用 string 
[2021-08-25 00:56:40] [INFO]: 资源初始化完成, 开始处理信息. 
[2021-08-25 00:56:40] [INFO]: アトリは、高性能ですから! 
[2021-08-25 00:57:03] [INFO]: 收到好友 　(97664430) 的消息: 重启逆 (10662) 
[2021-08-25 00:57:07] [INFO]: 收到好友 　(97664430) 的消息: 重启 (10663) 
[2021-08-25 00:57:09] [INFO]: 将使用 device.json 内的设备信息运行Bot. 
[2021-08-25 00:57:09] [INFO]: 开始尝试登录并同步消息... 
[2021-08-25 00:57:09] [INFO]: 使用协议: iPad 
[2021-08-25 00:57:09] [INFO]: Protocol -> connect to server: 113.96.13.208:8080 
[2021-08-25 00:57:10] [INFO]: 登录成功 欢迎使用: ql 
[2021-08-25 00:57:10] [INFO]: 开始加载好友列表... 
[2021-08-25 00:57:10] [INFO]: 共加载 3 个好友. 
[2021-08-25 00:57:10] [INFO]: 开始加载群列表... 
[2021-08-25 00:57:11] [INFO]: 共加载 1 个群. 
[2021-08-25 00:57:11] [WARNING]: 警告: 信息数据库已关闭，将无法使用 [回复/撤回] 等功能。 
[2021-08-25 00:57:11] [WARNING]: post-format 配置错误, 将自动使用 string 
[2021-08-25 00:57:11] [INFO]: 资源初始化完成, 开始处理信息. 
[2021-08-25 00:57:11] [INFO]: アトリは、高性能ですから! 
[2021-08-25 00:59:40] [INFO]: 将使用 device.json 内的设备信息运行Bot. 
[2021-08-25 00:59:40] [INFO]: 开始尝试登录并同步消息... 
[2021-08-25 00:59:40] [INFO]: 使用协议: iPad 
[2021-08-25 00:59:40] [INFO]: Protocol -> connect to server: 113.96.12.85:8080 
[2021-08-25 00:59:42] [INFO]: 登录成功 欢迎使用: ql 
[2021-08-25 00:59:42] [INFO]: 开始加载好友列表... 
[2021-08-25 00:59:42] [INFO]: 共加载 3 个好友. 
[2021-08-25 00:59:42] [INFO]: 开始加载群列表... 
[2021-08-25 00:59:42] [INFO]: 共加载 1 个群. 
[2021-08-25 00:59:42] [WARNING]: 警告: 信息数据库已关闭，将无法使用 [回复/撤回] 等功能。 
[2021-08-25 00:59:42] [WARNING]: post-format 配置错误, 将自动使用 string 
[2021-08-25 00:59:42] [INFO]: 资源初始化完成, 开始处理信息. 
[2021-08-25 00:59:42] [INFO]: アトリは、高性能ですから! 
[2021-08-25 01:00:01] [INFO]: 收到好友 　(97664430) 的消息: 查询 (10664) 
[2021-08-25 01:00:36] [INFO]: 收到好友 　(97664430) 的消息: 查询 (10665) 
[2021-08-25 01:00:58] [INFO]: 收到好友 　(97664430) 的消息: 重启 (26346) 
[2021-08-25 01:01:00] [INFO]: 将使用 device.json 内的设备信息运行Bot. 
[2021-08-25 01:01:00] [INFO]: 开始尝试登录并同步消息... 
[2021-08-25 01:01:00] [INFO]: 使用协议: iPad 
[2021-08-25 01:01:00] [INFO]: Protocol -> connect to server: 113.96.13.208:8080 
[2021-08-25 01:01:03] [INFO]: 登录成功 欢迎使用: ql 
[2021-08-25 01:01:03] [INFO]: 开始加载好友列表... 
[2021-08-25 01:01:03] [INFO]: 共加载 3 个好友. 
[2021-08-25 01:01:03] [INFO]: 开始加载群列表... 
[2021-08-25 01:01:03] [INFO]: 共加载 1 个群. 
[2021-08-25 01:01:03] [WARNING]: 警告: 信息数据库已关闭，将无法使用 [回复/撤回] 等功能。 
[2021-08-25 01:01:03] [WARNING]: post-format 配置错误, 将自动使用 string 
[2021-08-25 01:01:03] [INFO]: 资源初始化完成, 开始处理信息. 
[2021-08-25 01:01:03] [INFO]: アトリは、高性能ですから! 
[2021-08-25 01:01:07] [INFO]: 收到好友 　(97664430) 的消息: 升级 (26347) 
[2021-08-25 01:02:16] [INFO]: 收到好友 　(97664430) 的消息: 升级 (26348) 
[2021-08-25 01:02:21] [INFO]: 收到好友 　(97664430) 的消息: 升级 (26349) 
[2021-08-25 01:03:08] [INFO]: 收到好友 　(97664430) 的消息: 升级 (26350) 
[2021-08-25 01:03:12] [INFO]: 收到好友 　(97664430) 的消息: 升级 (26351) 
[2021-08-25 01:03:17] [INFO]: 收到好友 　(97664430) 的消息: 升级 (26352) 
[2021-08-25 01:07:13] [INFO]: 将使用 device.json 内的设备信息运行Bot. 
[2021-08-25 01:07:13] [INFO]: 开始尝试登录并同步消息... 
[2021-08-25 01:07:13] [INFO]: 使用协议: iPad 
[2021-08-25 01:07:13] [INFO]: Protocol -> connect to server: 113.96.12.27:8080 
[2021-08-25 01:07:15] [INFO]: 登录成功 欢迎使用: ql 
[2021-08-25 01:07:15] [INFO]: 开始加载好友列表... 
[2021-08-25 01:07:15] [INFO]: 共加载 3 个好友. 
[2021-08-25 01:07:15] [INFO]: 开始加载群列表... 
[2021-08-25 01:07:15] [INFO]: 共加载 1 个群. 
[2021-08-25 01:07:15] [WARNING]: 警告: 信息数据库已关闭，将无法使用 [回复/撤回] 等功能。 
[2021-08-25 01:07:15] [WARNING]: post-format 配置错误, 将自动使用 string 
[2021-08-25 01:07:15] [INFO]: 资源初始化完成, 开始处理信息. 
[2021-08-25 01:07:15] [INFO]: アトリは、高性能ですから! 
[2021-08-25 01:07:31] [INFO]: 收到好友 　(97664430) 的消息: 重启 (10666) 
[2021-08-25 01:07:33] [INFO]: 将使用 device.json 内的设备信息运行Bot. 
[2021-08-25 01:07:33] [INFO]: 开始尝试登录并同步消息... 
[2021-08-25 01:07:33] [INFO]: 使用协议: iPad 
[2021-08-25 01:07:36] [INFO]: Protocol -> connect to server: 113.96.12.224:8080 
[2021-08-25 01:07:38] [INFO]: 登录成功 欢迎使用: ql 
[2021-08-25 01:07:38] [INFO]: 开始加载好友列表... 
[2021-08-25 01:07:38] [INFO]: 共加载 3 个好友. 
[2021-08-25 01:07:38] [INFO]: 开始加载群列表... 
[2021-08-25 01:07:38] [INFO]: 共加载 1 个群. 
[2021-08-25 01:07:38] [WARNING]: 警告: 信息数据库已关闭，将无法使用 [回复/撤回] 等功能。 
[2021-08-25 01:07:38] [WARNING]: post-format 配置错误, 将自动使用 string 
[2021-08-25 01:07:38] [INFO]: 资源初始化完成, 开始处理信息. 
[2021-08-25 01:07:38] [INFO]: アトリは、高性能ですから! 
[2021-08-25 01:07:45] [INFO]: 收到好友 　(97664430) 的消息: 升级 (10668) 
[2021-08-25 01:08:35] [INFO]: 收到好友 　(97664430) 的消息: 升级 (26353) 
[2021-08-25 01:08:40] [INFO]: 收到好友 　(97664430) 的消息: 重启 (26354) 
[2021-08-25 01:08:42] [INFO]: 将使用 device.json 内的设备信息运行Bot. 
[2021-08-25 01:08:42] [INFO]: 开始尝试登录并同步消息... 
[2021-08-25 01:08:42] [INFO]: 使用协议: iPad 
[2021-08-25 01:08:42] [INFO]: Protocol -> connect to server: 113.96.12.27:8080 
[2021-08-25 01:08:44] [INFO]: 登录成功 欢迎使用: ql 
[2021-08-25 01:08:44] [INFO]: 开始加载好友列表... 
[2021-08-25 01:08:44] [INFO]: 共加载 3 个好友. 
[2021-08-25 01:08:44] [INFO]: 开始加载群列表... 
[2021-08-25 01:08:44] [INFO]: 共加载 1 个群. 
[2021-08-25 01:08:44] [WARNING]: 警告: 信息数据库已关闭，将无法使用 [回复/撤回] 等功能。 
[2021-08-25 01:08:44] [WARNING]: post-format 配置错误, 将自动使用 string 
[2021-08-25 01:08:44] [INFO]: 资源初始化完成, 开始处理信息. 
[2021-08-25 01:08:44] [INFO]: アトリは、高性能ですから! 
[2021-08-25 01:09:39] [INFO]: 收到好友 　(97664430) 的消息: 升级 (26355) 
[2021-08-25 01:09:47] [INFO]: 收到好友 　(97664430) 的消息: 升级 (26356) 
[2021-08-25 01:43:09] [INFO]: Bot 账号在客户端 iPhone (iPhone) 登出. 
[2021-08-25 01:48:59] [INFO]: 收到好友 　(97664430) 的消息: https://kandian.youth.cn/user/mmsq/72f035291b9f49090bb7153cb97b3098?uid=55649033&amp;reward_sign=4JXO1WBMXBVuOGYy2JhqCYiojw9APKMg&amp;avatar=http://res.youth.cn/avatar_202105_04_04v_6090c86e786b655649033l.jpg&amp;is_new=0&amp;title_mark=3 (26357) 
[2021-08-25 01:49:37] [INFO]: 收到好友 　(97664430) 的消息: ？ (26358) 
[2021-08-25 09:05:02] [ERROR]: 错误: 机器人在群(675401456) 为非管理员或群主, 无法主动发起临时会话 
[2021-08-25 09:05:03] [ERROR]: 错误: 机器人在群(675401456) 为非管理员或群主, 无法主动发起临时会话 
[2021-08-25 09:05:04] [ERROR]: 错误: 机器人在群(675401456) 为非管理员或群主, 无法主动发起临时会话 
[2021-08-25 09:05:05] [ERROR]: 错误: 机器人在群(675401456) 为非管理员或群主, 无法主动发起临时会话 
[2021-08-25 09:05:06] [ERROR]: 错误: 机器人在群(675401456) 为非管理员或群主, 无法主动发起临时会话 
[2021-08-25 09:05:07] [ERROR]: 错误: 机器人在群(675401456) 为非管理员或群主, 无法主动发起临时会话 
[2021-08-25 09:05:08] [ERROR]: 错误: 机器人在群(675401456) 为非管理员或群主, 无法主动发起临时会话 
[2021-08-25 09:05:09] [ERROR]: 错误: 机器人在群(675401456) 为非管理员或群主, 无法主动发起临时会话 
[2021-08-25 09:05:10] [ERROR]: 错误: 机器人在群(675401456) 为非管理员或群主, 无法主动发起临时会话 
[2021-08-25 09:05:12] [ERROR]: 错误: 机器人在群(675401456) 为非管理员或群主, 无法主动发起临时会话 
[2021-08-25 09:05:13] [ERROR]: 错误: 机器人在群(675401456) 为非管理员或群主, 无法主动发起临时会话 
[2021-08-25 09:05:15] [ERROR]: 错误: 机器人在群(675401456) 为非管理员或群主, 无法主动发起临时会话 
[2021-08-25 09:07:18] [INFO]: 收到好友 　(97664430) 的消息: https://github.com/SuperManito/LinuxMirrors (29884) 
[2021-08-25 12:11:09] [INFO]: 收到群 备战双11(675401456) 内 清欢(1239822095) 的消息: 查询 (2207) 
[2021-08-25 12:12:14] [INFO]: 收到好友 　(97664430) 的消息: 升级 (29885) 
[2021-08-25 12:12:34] [INFO]: 将使用 device.json 内的设备信息运行Bot. 
[2021-08-25 12:12:34] [INFO]: 开始尝试登录并同步消息... 
[2021-08-25 12:12:34] [INFO]: 使用协议: iPad 
[2021-08-25 12:12:34] [INFO]: Protocol -> connect to server: 113.96.13.95:8080 
[2021-08-25 12:12:39] [INFO]: 登录成功 欢迎使用: ql 
[2021-08-25 12:12:39] [INFO]: 开始加载好友列表... 
[2021-08-25 12:12:39] [INFO]: 共加载 3 个好友. 
[2021-08-25 12:12:39] [INFO]: 开始加载群列表... 
[2021-08-25 12:12:39] [INFO]: 共加载 1 个群. 
[2021-08-25 12:12:39] [WARNING]: 警告: 信息数据库已关闭，将无法使用 [回复/撤回] 等功能。 
[2021-08-25 12:12:39] [WARNING]: post-format 配置错误, 将自动使用 string 
[2021-08-25 12:12:39] [INFO]: 资源初始化完成, 开始处理信息. 
[2021-08-25 12:12:39] [INFO]: アトリは、高性能ですから! 
[2021-08-25 12:12:40] [INFO]: 收到服务器地址更新通知, 根据配置文件已忽略. 
[2021-08-25 12:14:16] [INFO]: 收到好友 　(97664430) 的消息: se AutoPriority true (29886) 
[2021-08-25 12:14:19] [INFO]: 收到好友 　(97664430) 的消息: 升级 (29887) 
[2021-08-25 12:15:31] [INFO]: 收到好友 　(97664430) 的消息: 升级 (29888) 
[2021-08-25 12:15:59] [INFO]: 收到好友 　(97664430) 的消息: 查询 1 (29889) 
[2021-08-25 12:18:04] [INFO]: 收到好友 　(97664430) 的消息: 升级 (29890) 
[2021-08-25 12:20:22] [INFO]: 收到好友 　(97664430) 的消息: 升级 (29891) 
[2021-08-25 12:23:14] [INFO]: 收到好友 　(97664430) 的消息: query 1 (29892) 
[2021-08-25 13:29:10] [INFO]: 收到好友 　(97664430) 的消息: 升级 (29893) 
[2021-08-25 13:29:23] [INFO]: 将使用 device.json 内的设备信息运行Bot. 
[2021-08-25 13:29:23] [INFO]: 开始尝试登录并同步消息... 
[2021-08-25 13:29:23] [INFO]: 使用协议: iPad 
[2021-08-25 13:29:25] [INFO]: Protocol -> connect to server: 113.96.12.224:8080 
[2021-08-25 13:29:26] [INFO]: 登录成功 欢迎使用: ql 
[2021-08-25 13:29:26] [INFO]: 开始加载好友列表... 
[2021-08-25 13:29:26] [INFO]: 共加载 3 个好友. 
[2021-08-25 13:29:26] [INFO]: 开始加载群列表... 
[2021-08-25 13:29:27] [INFO]: 共加载 1 个群. 
[2021-08-25 13:29:27] [WARNING]: 警告: 信息数据库已关闭，将无法使用 [回复/撤回] 等功能。 
[2021-08-25 13:29:27] [WARNING]: post-format 配置错误, 将自动使用 string 
[2021-08-25 13:29:27] [INFO]: 资源初始化完成, 开始处理信息. 
[2021-08-25 13:29:27] [INFO]: アトリは、高性能ですから! 
[2021-08-25 13:29:28] [INFO]: 收到服务器地址更新通知, 根据配置文件已忽略. 
[2021-08-25 13:29:36] [INFO]: 收到群 备战双11(675401456) 内 放学丶别走(768119357) 的消息: 查询 (2209) 
[2021-08-25 13:29:43] [INFO]: 收到群 备战双11(675401456) 内 　(1628202412) 的消息: 扫码 (2211) 
[2021-08-25 13:29:49] [INFO]: 收到群 备战双11(675401456) 内 放学丶别走(768119357) 的消息: 退出登录 (2213) 
[2021-08-25 13:30:17] [INFO]: 收到好友 　(97664430) 的消息: 查询 1 (29894) 
[2021-08-25 13:30:28] [INFO]: 收到群 备战双11(675401456) 内 　(1628202412) 的消息: 查询 (2215) 
[2021-08-25 13:41:44] [INFO]: 收到好友 　(97664430) 的消息: 升级 (29895) 
[2021-08-25 13:41:54] [INFO]: 将使用 device.json 内的设备信息运行Bot. 
[2021-08-25 13:41:54] [INFO]: 开始尝试登录并同步消息... 
[2021-08-25 13:41:54] [INFO]: 使用协议: iPad 
[2021-08-25 13:41:54] [INFO]: Protocol -> connect to server: 113.96.12.85:8080 
[2021-08-25 13:41:56] [INFO]: 登录成功 欢迎使用: ql 
[2021-08-25 13:41:56] [INFO]: 开始加载好友列表... 
[2021-08-25 13:41:56] [INFO]: 共加载 3 个好友. 
[2021-08-25 13:41:56] [INFO]: 开始加载群列表... 
[2021-08-25 13:41:56] [INFO]: 共加载 1 个群. 
[2021-08-25 13:41:56] [WARNING]: 警告: 信息数据库已关闭，将无法使用 [回复/撤回] 等功能。 
[2021-08-25 13:41:56] [WARNING]: post-format 配置错误, 将自动使用 string 
[2021-08-25 13:41:56] [INFO]: 资源初始化完成, 开始处理信息. 
[2021-08-25 13:41:56] [INFO]: アトリは、高性能ですから! 
[2021-08-25 13:42:32] [INFO]: 收到好友 　(97664430) 的消息: 查询 1 (29896) 
[2021-08-25 13:45:06] [INFO]: 收到好友 　(97664430) 的消息: 任务列表 (29897) 
[2021-08-25 13:47:02] [INFO]: 收到群 备战双11(675401456) 内 苦厄(1732187249) 的消息: 扫码 (2217) 
[2021-08-25 13:48:05] [INFO]: 收到群 备战双11(675401456) 内 苦厄(1732187249) 的消息: 查询 (2220) 
[2021-08-25 13:48:16] [INFO]: 收到群 备战双11(675401456) 内 苦厄(1732187249) 的消息: 扫码 (2222) 
[2021-08-25 13:48:29] [INFO]: 收到好友 　(97664430) 的消息: 任务列表 (29898) 
[2021-08-25 13:48:35] [INFO]: 收到好友 　(97664430) 的消息: 查询 1 (29899) 
[2021-08-25 13:49:10] [INFO]: 收到群 备战双11(675401456) 内 苦厄(1732187249) 的消息: 查询 (2225) 
[2021-08-25 13:52:12] [INFO]: 收到好友 　(97664430) 的消息: 任务列表 (29900) 
[2021-08-25 13:52:17] [INFO]: 收到好友 　(97664430) 的消息: 查询 1 (29901) 
[2021-08-25 13:52:26] [INFO]: 收到好友 　(97664430) 的消息: 任务列表 (29902) 
[2021-08-25 13:52:31] [INFO]: 收到好友 　(97664430) 的消息: 升级 (29903) 
[2021-08-25 13:52:35] [INFO]: 收到好友 　(97664430) 的消息: 升级 (29904) 
[2021-08-25 13:53:31] [INFO]: 收到好友 　(97664430) 的消息: 升级 (29905) 
[2021-08-25 13:53:32] [INFO]: 收到好友 　(97664430) 的消息: 升级 (29906) 
[2021-08-25 13:53:32] [INFO]: 收到好友 　(97664430) 的消息: 升级 (29907) 
[2021-08-25 13:53:32] [INFO]: 收到好友 　(97664430) 的消息: 升级 (29908) 
[2021-08-25 13:53:33] [INFO]: 收到好友 　(97664430) 的消息: 升级 (29909) 
[2021-08-25 13:53:33] [INFO]: 收到好友 　(97664430) 的消息: 升级 (29910) 
[2021-08-25 13:53:33] [INFO]: 收到好友 　(97664430) 的消息: 升级 (29911) 
[2021-08-25 13:53:34] [INFO]: 收到好友 　(97664430) 的消息: 升级 (29912) 
[2021-08-25 13:53:34] [INFO]: 收到好友 　(97664430) 的消息: 升级
升级 (29913) 
[2021-08-25 13:53:35] [INFO]: 收到好友 　(97664430) 的消息: 升级
升级
升级 (29914) 
[2021-08-25 13:53:35] [INFO]: 收到好友 　(97664430) 的消息: 升级 (29915) 
[2021-08-25 13:53:36] [INFO]: 收到好友 　(97664430) 的消息: 升级 (29916) 
[2021-08-25 13:53:36] [INFO]: 收到好友 　(97664430) 的消息: 升级 (29917) 
[2021-08-25 13:53:36] [INFO]: 收到好友 　(97664430) 的消息: 升级 (29918) 
[2021-08-25 13:53:37] [INFO]: 收到好友 　(97664430) 的消息: 升级 (29919) 
[2021-08-25 13:53:38] [INFO]: 收到好友 　(97664430) 的消息: 升级 (29920) 
[2021-08-25 13:53:38] [INFO]: 收到好友 　(97664430) 的消息: 升级 (29921) 
[2021-08-25 13:53:39] [INFO]: 收到好友 　(97664430) 的消息: 升级 (29922) 
[2021-08-25 13:53:39] [INFO]: 收到好友 　(97664430) 的消息: 升级 (29923) 
[2021-08-25 13:53:40] [INFO]: 收到好友 　(97664430) 的消息: 升级 (29924) 
[2021-08-25 13:53:43] [INFO]: 收到好友 　(97664430) 的消息: 升级 (29925) 
[2021-08-25 13:53:43] [INFO]: 收到好友 　(97664430) 的消息: 升级 (29926) 
[2021-08-25 13:53:44] [INFO]: 收到好友 　(97664430) 的消息: 升级 (29927) 
[2021-08-25 13:53:45] [INFO]: 收到好友 　(97664430) 的消息: 升级 (29928) 
[2021-08-25 13:53:45] [INFO]: 收到好友 　(97664430) 的消息: 升级 (29929) 
[2021-08-25 13:53:45] [INFO]: 收到好友 　(97664430) 的消息: 升级 (29930) 
[2021-08-25 13:53:46] [INFO]: 收到好友 　(97664430) 的消息: 升级 (29931) 
[2021-08-25 13:57:09] [INFO]: 收到好友 　(97664430) 的消息: 升级 (29932) 
[2021-08-25 13:57:47] [INFO]: 收到好友 　(97664430) 的消息: 升级 (29933) 
[2021-08-25 13:58:12] [INFO]: 收到好友 　(97664430) 的消息: 升级 (29934) 
[2021-08-25 13:58:20] [INFO]: 将使用 device.json 内的设备信息运行Bot. 
[2021-08-25 13:58:20] [INFO]: 开始尝试登录并同步消息... 
[2021-08-25 13:58:20] [INFO]: 使用协议: iPad 
[2021-08-25 13:58:21] [INFO]: Protocol -> connect to server: 113.96.12.27:8080 
[2021-08-25 13:58:22] [INFO]: 登录成功 欢迎使用: ql 
[2021-08-25 13:58:22] [INFO]: 开始加载好友列表... 
[2021-08-25 13:58:22] [INFO]: 共加载 3 个好友. 
[2021-08-25 13:58:22] [INFO]: 开始加载群列表... 
[2021-08-25 13:58:22] [INFO]: 共加载 1 个群. 
[2021-08-25 13:58:22] [WARNING]: 警告: 信息数据库已关闭，将无法使用 [回复/撤回] 等功能。 
[2021-08-25 13:58:22] [WARNING]: post-format 配置错误, 将自动使用 string 
[2021-08-25 13:58:22] [INFO]: 资源初始化完成, 开始处理信息. 
[2021-08-25 13:58:22] [INFO]: アトリは、高性能ですから! 
[2021-08-25 13:58:24] [INFO]: 收到服务器地址更新通知, 根据配置文件已忽略. 
[2021-08-25 13:58:27] [ERROR]: 错误: 机器人在群(675401456) 为非管理员或群主, 无法主动发起临时会话 
[2021-08-25 13:58:31] [INFO]: 收到好友 　(97664430) 的消息: 查询 1 (29935) 
[2021-08-25 14:05:10] [INFO]: 收到群 备战双11(675401456) 内 苦厄(1732187249) 的消息: 查询 (2228) 
[2021-08-25 14:07:07] [INFO]: 收到群 备战双11(675401456) 内 放学丶别走(768119357) 的消息: 查询 (2231) 
[2021-08-25 14:39:17] [INFO]: 好友 ql(3225728399) 发送了离线文件 中青看点.apk 
[2021-08-25 14:39:25] [INFO]: 好友 ql(3225728399) 发送了离线文件 晶彩看点.apk 
[2021-08-25 15:25:01] [INFO]: 收到群 备战双11(675401456) 内 今生坎坷不讲今生(1799635454) 的消息: 查询 (2233) 
[2021-08-25 16:47:03] [INFO]: 收到好友 　(97664430) 的消息: 升级 (16291) 
[2021-08-25 16:47:12] [INFO]: 将使用 device.json 内的设备信息运行Bot. 
[2021-08-25 16:47:12] [INFO]: 开始尝试登录并同步消息... 
[2021-08-25 16:47:12] [INFO]: 使用协议: iPad 
[2021-08-25 16:47:12] [INFO]: Protocol -> connect to server: 113.96.12.217:8080 
[2021-08-25 16:47:13] [INFO]: 登录成功 欢迎使用: ql 
[2021-08-25 16:47:13] [INFO]: 开始加载好友列表... 
[2021-08-25 16:47:14] [INFO]: 共加载 3 个好友. 
[2021-08-25 16:47:14] [INFO]: 开始加载群列表... 
[2021-08-25 16:47:14] [INFO]: 共加载 1 个群. 
[2021-08-25 16:47:14] [WARNING]: 警告: 信息数据库已关闭，将无法使用 [回复/撤回] 等功能。 
[2021-08-25 16:47:14] [WARNING]: post-format 配置错误, 将自动使用 string 
[2021-08-25 16:47:14] [INFO]: 资源初始化完成, 开始处理信息. 
[2021-08-25 16:47:14] [INFO]: アトリは、高性能ですから! 
[2021-08-25 16:47:15] [INFO]: 收到服务器地址更新通知, 根据配置文件已忽略. 
[2021-08-25 16:47:18] [INFO]: 收到好友 　(97664430) 的消息: 扫码 (16292) 
[2021-08-25 16:54:19] [INFO]: 收到好友 　(97664430) 的消息: 升级 (16293) 
[2021-08-25 16:59:44] [INFO]: 收到好友 　(97664430) 的消息: 升级 (16294) 
[2021-08-25 16:59:53] [INFO]: 将使用 device.json 内的设备信息运行Bot. 
[2021-08-25 16:59:53] [INFO]: 开始尝试登录并同步消息... 
[2021-08-25 16:59:53] [INFO]: 使用协议: iPad 
[2021-08-25 16:59:53] [INFO]: Protocol -> connect to server: 113.96.12.27:8080 
[2021-08-25 16:59:55] [INFO]: 登录成功 欢迎使用: ql 
[2021-08-25 16:59:55] [INFO]: 开始加载好友列表... 
[2021-08-25 16:59:55] [INFO]: 共加载 3 个好友. 
[2021-08-25 16:59:55] [INFO]: 开始加载群列表... 
[2021-08-25 16:59:55] [INFO]: 共加载 1 个群. 
[2021-08-25 16:59:55] [WARNING]: 警告: 信息数据库已关闭，将无法使用 [回复/撤回] 等功能。 
[2021-08-25 16:59:55] [WARNING]: post-format 配置错误, 将自动使用 string 
[2021-08-25 16:59:55] [INFO]: 资源初始化完成, 开始处理信息. 
[2021-08-25 16:59:55] [INFO]: アトリは、高性能ですから! 
[2021-08-25 17:02:52] [INFO]: 收到好友 　(97664430) 的消息: 升级 (16295) 
[2021-08-25 17:29:22] [INFO]: 收到群 备战双11(675401456) 内 放学丶别走(768119357) 的消息: 查询 (2235) 
[2021-08-25 18:28:29] [INFO]: 收到群 备战双11(675401456) 内 苦厄(1732187249) 的消息: [CQ:at,qq=1799635454] 顺总牛逼，3w豆[CQ:face,id=36] (2237) 
[2021-08-25 18:29:19] [INFO]: 收到群 备战双11(675401456) 内 苦厄(1732187249) 的消息: 都他妈神仙用户？不用豆？ (2238) 
[2021-08-25 18:32:56] [INFO]: 收到群 备战双11(675401456) 内 　(1628202412) 的消息: 卧槽？ (2239) 
[2021-08-25 18:40:28] [INFO]: 收到群 备战双11(675401456) 内 今生坎坷不讲今生(1799635454) 的消息: [CQ:image,file=4fb103eddfd4956013496ea153258c06.image] (2240) 
[2021-08-25 19:20:18] [INFO]: 收到好友 　(97664430) 的消息: 升级 (25276) 
[2021-08-25 19:20:24] [INFO]: 收到好友 　(97664430) 的消息: 升级 (25277) 
[2021-08-25 19:21:36] [INFO]: 收到好友 　(97664430) 的消息: 升级 (25278) 
[2021-08-25 19:21:43] [INFO]: 收到好友 　(97664430) 的消息: 升级 (25279) 
[2021-08-25 19:22:31] [INFO]: 收到好友 　(97664430) 的消息: 升级 (29936) 
[2021-08-25 19:25:55] [INFO]: 收到好友 　(97664430) 的消息: 升级 (25280) 
[2021-08-25 19:25:57] [INFO]: 收到好友 　(97664430) 的消息: 升级 (25281) 
[2021-08-25 19:29:32] [INFO]: 收到好友 　(97664430) 的消息: 升级 (25282) 
[2021-08-25 19:30:10] [INFO]: 收到好友 　(97664430) 的消息: 升级 (29937) 
[2021-08-25 19:37:52] [INFO]: 收到好友 　(97664430) 的消息: 升级 (29938) 
[2021-08-25 19:38:01] [INFO]: 将使用 device.json 内的设备信息运行Bot. 
[2021-08-25 19:38:01] [INFO]: 开始尝试登录并同步消息... 
[2021-08-25 19:38:01] [INFO]: 使用协议: iPad 
[2021-08-25 19:38:01] [INFO]: Protocol -> connect to server: 113.96.13.208:8080 
[2021-08-25 19:38:03] [INFO]: 登录成功 欢迎使用: ql 
[2021-08-25 19:38:03] [INFO]: 开始加载好友列表... 
[2021-08-25 19:38:03] [INFO]: 共加载 3 个好友. 
[2021-08-25 19:38:03] [INFO]: 开始加载群列表... 
[2021-08-25 19:38:03] [INFO]: 共加载 1 个群. 
[2021-08-25 19:38:03] [WARNING]: 警告: 信息数据库已关闭，将无法使用 [回复/撤回] 等功能。 
[2021-08-25 19:38:03] [WARNING]: post-format 配置错误, 将自动使用 string 
[2021-08-25 19:38:03] [INFO]: 资源初始化完成, 开始处理信息. 
[2021-08-25 19:38:03] [INFO]: アトリは、高性能ですから! 
[2021-08-25 19:38:04] [INFO]: 收到服务器地址更新通知, 根据配置文件已忽略. 
[2021-08-25 19:38:34] [INFO]: 收到好友 　(97664430) 的消息: 导出 (13191) 
[2021-08-25 19:38:50] [INFO]: 收到好友 　(97664430) 的消息: 导出 大哥 (13192) 
[2021-08-25 19:41:24] [INFO]: 收到好友 　(97664430) 的消息: 升级 (13193) 
[2021-08-25 19:45:49] [INFO]: 收到群 备战双11(675401456) 内 　(97664430) 的消息: [CQ:image,file=4548252a92f03999cb8fcbb72384a472.image] (2241) 
[2021-08-25 19:48:13] [INFO]: 收到群 备战双11(675401456) 内 清欢(1239822095) 的消息: 都是狠人 (2242) 
[2021-08-25 19:48:14] [INFO]: 收到群 备战双11(675401456) 内 清欢(1239822095) 的消息: 查询 (2243) 
[2021-08-25 19:56:38] [INFO]: 收到群 备战双11(675401456) 内 　　　(979887103) 的消息: 查询 (2245) 
[2021-08-25 19:57:48] [INFO]: 收到群 备战双11(675401456) 内 　　　(979887103) 的消息: 扫码 (2247) 
[2021-08-25 19:58:24] [INFO]: 收到群 备战双11(675401456) 内 　　　(979887103) 的消息: 查询 (2250) 
[2021-08-25 19:59:01] [INFO]: 收到群 备战双11(675401456) 内 Q群管家(2854196310) 的消息: 嗨~，我是Q群管家，我有自助问答、入群欢迎语、定时消息和发言管理4大管理能力。点击我的头像来进行设置吧！ (2252) 
[2021-08-25 19:59:01] [INFO]: 新成员 Q群管家(2854196310) 进入了群 备战双11(675401456). 
[2021-08-25 19:59:13] [INFO]: 收到群 备战双11(675401456) 内 　　　(979887103) 的消息: 我暴龙战士怎么才是铜牌 (2253) 
[2021-08-25 20:01:04] [INFO]: 收到群 备战双11(675401456) 内 　(97664430) 的消息: 东哥说消费不够 (2254) 
[2021-08-25 20:05:59] [INFO]: 收到群 备战双11(675401456) 内 　　　(979887103) 的消息: 你们是不是也有学生认证呀 (2255) 
[2021-08-25 20:06:44] [INFO]: 收到群 备战双11(675401456) 内 　(97664430) 的消息: 学生认证好多券听说 (2256) 
[2021-08-25 20:08:05] [INFO]: 收到好友 　(97664430) 的消息: 升级 (25283) 
[2021-08-25 20:08:08] [INFO]: 收到好友 　(97664430) 的消息: 升级 (25284) 
[2021-08-25 20:08:10] [INFO]: 收到好友 　(97664430) 的消息: 升级 (25285) 
[2021-08-25 20:09:30] [INFO]: 收到好友 　(97664430) 的消息: 升级 (25286) 
[2021-08-25 20:09:36] [INFO]: 收到好友 　(97664430) 的消息: 查询 1 (25287) 
[2021-08-25 20:10:30] [INFO]: 收到好友 　(97664430) 的消息: 升级 (25288) 
[2021-08-25 20:11:51] [INFO]: 收到好友 　(97664430) 的消息: 升级 (25289) 
[2021-08-25 20:20:49] [INFO]: 收到群 备战双11(675401456) 内 ᝰꫛꫀꪝ⁵²º(1101929311) 的消息: 扫码 (2257) 
[2021-08-25 20:21:15] [INFO]: 收到群 备战双11(675401456) 内 ᝰꫛꫀꪝ⁵²º(1101929311) 的消息: 查询 (2260) 
[2021-08-25 20:30:27] [INFO]: 收到群 备战双11(675401456) 内 　　　(979887103) 的消息: 没有啊，我有学生认证 (2262) 
[2021-08-25 20:44:10] [INFO]: 收到好友 　(97664430) 的消息: 升级 (25290) 
[2021-08-25 20:44:22] [INFO]: 将使用 device.json 内的设备信息运行Bot. 
[2021-08-25 20:44:22] [INFO]: 开始尝试登录并同步消息... 
[2021-08-25 20:44:22] [INFO]: 使用协议: iPad 
[2021-08-25 20:44:22] [INFO]: Protocol -> connect to server: 113.96.12.27:8080 
[2021-08-25 20:44:24] [INFO]: 登录成功 欢迎使用: ql 
[2021-08-25 20:44:24] [INFO]: 开始加载好友列表... 
[2021-08-25 20:44:24] [INFO]: 共加载 3 个好友. 
[2021-08-25 20:44:24] [INFO]: 开始加载群列表... 
[2021-08-25 20:44:24] [INFO]: 共加载 1 个群. 
[2021-08-25 20:44:24] [WARNING]: 警告: 信息数据库已关闭，将无法使用 [回复/撤回] 等功能。 
[2021-08-25 20:44:24] [WARNING]: post-format 配置错误, 将自动使用 string 
[2021-08-25 20:44:24] [INFO]: 资源初始化完成, 开始处理信息. 
[2021-08-25 20:44:24] [INFO]: アトリは、高性能ですから! 
[2021-08-25 20:44:26] [INFO]: 收到服务器地址更新通知, 根据配置文件已忽略. 
[2021-08-25 20:51:24] [INFO]: 收到群 备战双11(675401456) 内 　(97664430) 的消息: 没有券？ (2263) 
[2021-08-25 20:51:26] [INFO]: 收到群 备战双11(675401456) 内 　(97664430) 的消息: 不可能啊 (2264) 
[2021-08-25 20:52:01] [INFO]: 收到群 备战双11(675401456) 内 　(97664430) 的消息: 满59-20满100减30的好几张我看到过 (2265) 
[2021-08-25 20:55:29] [INFO]: 收到群 备战双11(675401456) 内 　　　(979887103) 的消息: [CQ:image,file=e891d6829dddb42d27320fcbe9db8201.image] (2266) 
[2021-08-25 20:58:43] [INFO]: 收到群 备战双11(675401456) 内 　(97664430) 的消息: 你是用不到   他们套红包用的 (2267) 
[2021-08-25 21:03:23] [INFO]: 收到好友 　(97664430) 的消息: 查询 大哥 (13194) 
[2021-08-25 21:03:52] [INFO]: 收到群 备战双11(675401456) 内 　　　(979887103) 的消息: [CQ:image,file=735b5d19ef7df842cc4079fd0672d7b3.image] (2268) 
[2021-08-25 21:04:08] [INFO]: 收到群 备战双11(675401456) 内 　　　(979887103) 的消息: 内销好像卖的二手的 (2269) 
[2021-08-25 21:06:10] [INFO]: 收到群 备战双11(675401456) 内 　　　(979887103) 的消息: [CQ:image,file=92f8414ae02232135f9300f845e5c190.image] (2270) 
[2021-08-25 21:06:13] [INFO]: 收到群 备战双11(675401456) 内 　(97664430) 的消息: 不知道 (2271) 
[2021-08-25 21:06:18] [INFO]: 收到群 备战双11(675401456) 内 　　　(979887103) 的消息: 真是二手货 (2272) 
[2021-08-25 21:07:11] [INFO]: 收到群 备战双11(675401456) 内 　　　(979887103) 的消息: 狗东是真缺德呀，文胸也卖二手 (2273) 
[2021-08-25 21:07:57] [INFO]: 收到群 备战双11(675401456) 内 　(97664430) 的消息: [CQ:face,id=245] (2274) 
[2021-08-25 21:09:30] [INFO]: 收到群 备战双11(675401456) 内 　　　(979887103) 的消息: 不能买二手，就便宜几十块钱，不能无理由，只能质量退货 (2275) 
[2021-08-25 21:09:53] [INFO]: 收到群 备战双11(675401456) 内 　　　(979887103) 的消息: [CQ:image,file=2fb7b608bd4a932557a968372809ff08.image] (2276) 
[2021-08-25 21:23:06] [INFO]: 收到好友 　(97664430) 的消息: 许愿 (13195) 
[2021-08-25 21:23:17] [INFO]: 收到好友 　(97664430) 的消息: 愿望 (13196) 
[2021-08-25 21:54:49] [INFO]: 收到好友 　(97664430) 的消息: 状态 (13197) 
[2021-08-25 23:22:55] [INFO]: 收到群 备战双11(675401456) 内 Vast.(429466630) 的消息: 查询 (2277) 
[2021-08-25 23:23:15] [INFO]: 收到群 备战双11(675401456) 内 ╰想桃子的阿狸♀(759596338) 的消息: 查询 (2282) 
[2021-08-25 23:23:21] [INFO]: 收到群 备战双11(675401456) 内 ╰想桃子的阿狸♀(759596338) 的消息: 扫码 (2284) 
[2021-08-25 23:24:14] [INFO]: 收到群 备战双11(675401456) 内 ╰想桃子的阿狸♀(759596338) 的消息: 查询 (2287) 
[2021-08-25 23:27:24] [INFO]: 收到群 备战双11(675401456) 内 Vast.(429466630) 的消息: [CQ:image,file=0ef638c7f46c2578aaa5c8c3ebe94436.image] (2289) 
[2021-08-25 23:27:41] [INFO]: 收到群 备战双11(675401456) 内 Vast.(429466630) 的消息: 想要这个推送的可以自己弄一个发给我 (2290) 
