[2021-08-23 00:18:22] [INFO]: 收到好友 　(97664430) 的消息: 查询 1 (20985) 
[2021-08-23 00:36:45] [INFO]: 收到好友 　(97664430) 的消息: 查询 3 (20986) 
[2021-08-23 02:50:02] [INFO]: 收到好友 　(97664430) 的消息:  查询 1 (20987) 
[2021-08-23 09:00:00] [INFO]: 收到好友 　(97664430) 的消息: 升级 (20988) 
[2021-08-23 10:58:01] [ERROR]: 错误: 机器人在群(183141104) 为非管理员或群主, 无法主动发起临时会话 
[2021-08-23 10:58:02] [ERROR]: 错误: 机器人在群(183141104) 为非管理员或群主, 无法主动发起临时会话 
[2021-08-23 10:58:03] [ERROR]: 错误: 机器人在群(183141104) 为非管理员或群主, 无法主动发起临时会话 
[2021-08-23 10:58:04] [ERROR]: 错误: 机器人在群(183141104) 为非管理员或群主, 无法主动发起临时会话 
[2021-08-23 11:19:53] [INFO]: 收到好友 　(97664430) 的消息: 查询 (20989) 
[2021-08-23 11:19:58] [INFO]: 收到好友 　(97664430) 的消息: 查询 1 (20990) 
[2021-08-23 11:49:06] [INFO]: 收到好友 　(97664430) 的消息: 查询 1 (20991) 
[2021-08-23 13:08:51] [INFO]: 收到好友 　(97664430) 的消息: 升级 (5572) 
[2021-08-23 13:09:20] [INFO]: 收到好友 　(97664430) 的消息: 升级 (5573) 
[2021-08-23 13:09:34] [INFO]: 将使用 device.json 内的设备信息运行Bot. 
[2021-08-23 13:09:34] [INFO]: 开始尝试登录并同步消息... 
[2021-08-23 13:09:34] [INFO]: 使用协议: iPad 
[2021-08-23 13:09:34] [INFO]: Protocol -> connect to server: 113.96.13.87:8080 
[2021-08-23 13:09:36] [INFO]: 登录成功 欢迎使用: ql 
[2021-08-23 13:09:36] [INFO]: 开始加载好友列表... 
[2021-08-23 13:09:36] [INFO]: 共加载 3 个好友. 
[2021-08-23 13:09:36] [INFO]: 开始加载群列表... 
[2021-08-23 13:09:36] [INFO]: 共加载 1 个群. 
[2021-08-23 13:09:36] [WARNING]: 警告: 信息数据库已关闭，将无法使用 [回复/撤回] 等功能。 
[2021-08-23 13:09:36] [WARNING]: post-format 配置错误, 将自动使用 string 
[2021-08-23 13:09:36] [INFO]: 资源初始化完成, 开始处理信息. 
[2021-08-23 13:09:36] [INFO]: アトリは、高性能ですから! 
[2021-08-23 13:09:38] [INFO]: 收到服务器地址更新通知, 根据配置文件已忽略. 
[2021-08-23 13:10:28] [INFO]: 收到好友 　(97664430) 的消息: http://nn.ecjd.xyz:9527 (5574) 
[2021-08-23 14:15:38] [INFO]: 新成员 　　　(979887103) 进入了群 备战双11(183141104). 
[2021-08-23 14:16:26] [INFO]: 收到好友 　(97664430) 的消息: 查询 1 (5575) 
[2021-08-23 14:20:53] [INFO]: 新成员 苦厄(1732187249) 进入了群 备战双11(183141104). 
[2021-08-23 14:20:53] [INFO]: 收到群 备战双11(183141104) 内 苦厄(1732187249) 的消息: 大家好，我是苦厄。来自广东深圳的射手座男一枚~[CQ:xml,data=<?xml version='1.0' encoding='UTF-8' ?><msg serviceID="104" templateID="1" brief="大家好，我是苦厄。来自广东深圳的射手座男一枚~"><item layout="2"><picture cover="" /><title>新人入群</title></item><source /></msg>,resid=104] (4539) 
[2021-08-23 14:21:03] [INFO]: 收到群 备战双11(183141104) 内 　(97664430) 的消息: 查询 (4540) 
[2021-08-23 14:21:14] [INFO]: 收到群 备战双11(183141104) 内 　　　(979887103) 的消息: 扫码 (4542) 
[2021-08-23 14:21:48] [INFO]: 收到群 备战双11(183141104) 内 　　　(979887103) 的消息: 查询 (4545) 
[2021-08-23 14:21:50] [INFO]: 收到群 备战双11(183141104) 内 苦厄(1732187249) 的消息: 扫码 (4547) 
[2021-08-23 14:22:14] [INFO]: 收到群 备战双11(183141104) 内 苦厄(1732187249) 的消息: 查询 (4550) 
[2021-08-23 14:23:28] [INFO]: 新成员 备忘录(32652536) 进入了群 备战双11(183141104). 
[2021-08-23 14:23:47] [INFO]: 收到群 备战双11(183141104) 内 备忘录(32652536) 的消息: 小号 (4552) 
[2021-08-23 14:23:59] [INFO]: 收到群 备战双11(183141104) 内 备忘录(32652536) 的消息: 扫码 (4553) 
[2021-08-23 14:24:22] [INFO]: 收到群 备战双11(183141104) 内 　(97664430) 的消息: 一个qq可以扫多个号 (4556) 
[2021-08-23 14:24:39] [INFO]: 收到群 备战双11(183141104) 内 苦厄(1732187249) 的消息: 不早说，算了 (4557) 
[2021-08-23 14:24:55] [INFO]: 收到群 备战双11(183141104) 内 　　　(979887103) 的消息: 把他小号踢了，爽一下[CQ:face,id=178] (4558) 
[2021-08-23 14:24:55] [INFO]: 收到群 备战双11(183141104) 内 备忘录(32652536) 的消息: 查询 (4559) 
[2021-08-23 14:25:05] [INFO]: 收到群 备战双11(183141104) 内 备忘录(32652536) 的消息: [CQ:reply,id=-126021978][CQ:at,qq=979887103] [CQ:at,qq=979887103] 狗逼 (4561) 
[2021-08-23 14:26:06] [INFO]: 收到群 备战双11(183141104) 内 　(97664430) 的消息: 你自己爽 (4562) 
[2021-08-23 14:30:42] [INFO]: 收到群 备战双11(183141104) 内 今生坎坷不讲今生(1799635454) 的消息: 扫码 (4563) 
[2021-08-23 15:06:08] [INFO]: 收到好友 　(97664430) 的消息: 查询 1 (5576) 
[2021-08-23 17:21:38] [INFO]: 收到群 备战双11(183141104) 内 清欢(1239822095) 的消息: 查询 (4566) 
[2021-08-23 17:37:44] [INFO]: 收到群 备战双11(183141104) 内 清欢(1239822095) 的消息: 查询 (4568) 
[2021-08-23 17:38:18] [INFO]: 收到群 备战双11(183141104) 内 虾米？豆腐！(775212683) 的消息: 一天300多 你这是要发啊 (4570) 
[2021-08-23 21:30:36] [INFO]: 收到好友 　(97664430) 的消息: 扫码 (24251) 
[2021-08-23 21:30:53] [INFO]: 收到好友 　(97664430) 的消息: 扫码 (24252) 
[2021-08-23 21:31:13] [INFO]: 收到好友 　(97664430) 的消息: 升级 (24253) 
[2021-08-23 21:31:45] [INFO]: 将使用 device.json 内的设备信息运行Bot. 
[2021-08-23 21:31:45] [INFO]: 开始尝试登录并同步消息... 
[2021-08-23 21:31:45] [INFO]: 使用协议: iPad 
[2021-08-23 21:31:45] [INFO]: Protocol -> connect to server: 113.96.13.87:443 
[2021-08-23 21:31:47] [INFO]: 登录成功 欢迎使用: ql 
[2021-08-23 21:31:47] [INFO]: 开始加载好友列表... 
[2021-08-23 21:31:47] [INFO]: 共加载 3 个好友. 
[2021-08-23 21:31:47] [INFO]: 开始加载群列表... 
[2021-08-23 21:31:47] [INFO]: 共加载 1 个群. 
[2021-08-23 21:31:47] [WARNING]: 警告: 信息数据库已关闭，将无法使用 [回复/撤回] 等功能。 
[2021-08-23 21:31:47] [WARNING]: post-format 配置错误, 将自动使用 string 
[2021-08-23 21:31:47] [INFO]: 资源初始化完成, 开始处理信息. 
[2021-08-23 21:31:47] [INFO]: アトリは、高性能ですから! 
[2021-08-23 21:31:48] [INFO]: 收到服务器地址更新通知, 根据配置文件已忽略. 
[2021-08-23 21:31:55] [INFO]: 收到好友 　(97664430) 的消息: 扫码 (24254) 
[2021-08-23 21:32:08] [INFO]: 收到好友 　(97664430) 的消息: 扫码 (24255) 
[2021-08-23 21:34:03] [INFO]: 收到好友 　(97664430) 的消息: 扫码 (24256) 
[2021-08-23 21:34:26] [INFO]: 收到好友 　(97664430) 的消息: 扫码 (24257) 
[2021-08-23 22:08:24] [INFO]: 收到好友 　(97664430) 的消息: set-ua Mozilla/5.0 (Windows NT 10.0; Win64; x64) AppleWebKit/537.36 (KHTML, like Gecko) Chrome/92.0.4515.131 Safari/537.36 (14650) 
[2021-08-23 22:08:28] [INFO]: 收到好友 　(97664430) 的消息: 扫码 (14651) 
[2021-08-23 22:11:01] [INFO]: 收到好友 　(97664430) 的消息: 扫码 (14652) 
[2021-08-23 22:11:56] [INFO]: 收到好友 　(97664430) 的消息: 升级 (14653) 
[2021-08-23 22:12:36] [INFO]: 收到好友 　(97664430) 的消息: 升级 (14654) 
[2021-08-23 22:12:58] [INFO]: 收到好友 　(97664430) 的消息: 升级 (14655) 
[2021-08-23 22:14:10] [INFO]: 收到好友 　(97664430) 的消息: 升级 (14656) 
[2021-08-23 22:14:38] [INFO]: 收到好友 　(97664430) 的消息: 升级 (14657) 
[2021-08-23 22:14:40] [INFO]: 收到好友 　(97664430) 的消息: 升级 (14658) 
[2021-08-23 22:14:42] [INFO]: 收到好友 　(97664430) 的消息: 升级 (14659) 
[2021-08-23 22:14:51] [INFO]: 将使用 device.json 内的设备信息运行Bot. 
[2021-08-23 22:14:51] [INFO]: 开始尝试登录并同步消息... 
[2021-08-23 22:14:51] [INFO]: 使用协议: iPad 
[2021-08-23 22:14:51] [INFO]: Protocol -> connect to server: 113.96.13.87:8080 
[2021-08-23 22:14:53] [INFO]: 登录成功 欢迎使用: ql 
[2021-08-23 22:14:53] [INFO]: 开始加载好友列表... 
[2021-08-23 22:14:53] [INFO]: 共加载 3 个好友. 
[2021-08-23 22:14:53] [INFO]: 开始加载群列表... 
[2021-08-23 22:14:53] [INFO]: 共加载 1 个群. 
[2021-08-23 22:14:53] [WARNING]: 警告: 信息数据库已关闭，将无法使用 [回复/撤回] 等功能。 
[2021-08-23 22:14:53] [WARNING]: post-format 配置错误, 将自动使用 string 
[2021-08-23 22:14:53] [INFO]: 资源初始化完成, 开始处理信息. 
[2021-08-23 22:14:53] [INFO]: アトリは、高性能ですから! 
[2021-08-23 22:14:54] [INFO]: 收到服务器地址更新通知, 根据配置文件已忽略. 
[2021-08-23 22:15:18] [INFO]: 收到好友 　(97664430) 的消息: 升级 (24258) 
[2021-08-23 22:15:21] [INFO]: 收到好友 　(97664430) 的消息: 扫码 (24259) 
[2021-08-23 22:16:00] [INFO]: 收到好友 　(97664430) 的消息: set-ua Mozilla/5.0 (Linux; U; Android 8.0.0; zh-CN; MHA-AL00 Build/HUAWEIMHA-AL00) AppleWebKit/537.36 (KHTML, like Gecko) Version/4.0 Chrome/40.0.2214.89 UCBrowser/11.6.4.950 UWS/2.11.1.50 Mobile Safari/537.36 AliApp(DingTalk/4.5.8) com.alibaba.android.rimet/10380049 Channel/227200 language/zh-CN (24260) 
[2021-08-23 22:16:03] [INFO]: 收到好友 　(97664430) 的消息: 扫阿妈 (24261) 
[2021-08-23 22:16:05] [INFO]: 收到好友 　(97664430) 的消息: 扫码 (24262) 
[2021-08-23 22:18:15] [INFO]: 收到好友 　(97664430) 的消息: 扫码 (24263) 
[2021-08-23 22:19:26] [INFO]: 收到群 备战双11(183141104) 内 　(97664430) 的消息: 就今天300而已 (4571) 
[2021-08-23 22:19:39] [INFO]: 收到好友 　(97664430) 的消息: 扫码 (24264) 
[2021-08-23 22:22:27] [INFO]: 收到群 备战双11(183141104) 内 　　　(979887103) 的消息: 查询 (4572) 
[2021-08-23 22:23:13] [INFO]: 收到群 备战双11(183141104) 内 虾米？豆腐！(775212683) 的消息: 扫码挂了 有消息吗[CQ:face,id=187] (4574) 
[2021-08-23 22:23:25] [INFO]: 收到群 备战双11(183141104) 内 　(97664430) 的消息: 升级就行 (4575) 
[2021-08-23 22:23:35] [INFO]: 收到群 备战双11(183141104) 内 虾米？豆腐！(775212683) 的消息: 我是nin (4576) 
[2021-08-23 22:23:52] [INFO]: 收到群 备战双11(183141104) 内 　(97664430) 的消息: @Vastll (4577) 
[2021-08-23 22:24:00] [INFO]: 收到群 备战双11(183141104) 内 　(97664430) 的消息: 你加我tg吧 (4578) 
[2021-08-23 22:24:04] [INFO]: 收到群 备战双11(183141104) 内 　(97664430) 的消息: 退我这个群吧 (4579) 
[2021-08-23 22:24:17] [INFO]: 收到群 备战双11(183141104) 内 虾米？豆腐！(775212683) 的消息: 稍等 tg是啥 (4580) 
[2021-08-23 22:24:55] [INFO]: 收到群 备战双11(183141104) 内 　(97664430) 的消息: [CQ:image,file=09519d540f17251f4d257ff3ccd07edb.image] (4581) 
[2021-08-23 22:25:40] [INFO]: 收到群 备战双11(183141104) 内 虾米？豆腐！(775212683) 的消息: 请允许我问一下是不是得翻 (4582) 
[2021-08-23 22:25:50] [INFO]: 收到群 备战双11(183141104) 内 　(97664430) 的消息: 对 (4583) 
[2021-08-23 22:30:59] [INFO]: 收到群 备战双11(183141104) 内 　(97664430) 的消息: 扫码 (4584) 
[2021-08-23 22:34:15] [INFO]: 收到群 备战双11(183141104) 内 　(97664430) 的消息: 查询 429466630 (4587) 
[2021-08-23 22:34:29] [INFO]: 收到群 备战双11(183141104) 内 　(97664430) 的消息: 查询 大哥 (4589) 
[2021-08-23 22:34:57] [INFO]: 收到群 备战双11(183141104) 内 　(97664430) 的消息: 查询 大哥 (4591) 
[2021-08-23 22:35:58] [INFO]: 收到群 备战双11(183141104) 内 虾米？豆腐！(775212683) 的消息: 大哥有ssr吗[CQ:face,id=187] (4597) 
[2021-08-23 22:36:09] [INFO]: 收到群 备战双11(183141104) 内 　(97664430) 的消息: 没有 (4598) 
[2021-08-23 22:36:13] [INFO]: 收到群 备战双11(183141104) 内 　(97664430) 的消息: 我苹果 (4599) 
[2021-08-23 22:36:16] [INFO]: 收到群 备战双11(183141104) 内 　(97664430) 的消息: 用qx (4600) 
[2021-08-23 22:43:15] [INFO]: 收到群 备战双11(183141104) 内 　(97664430) 的消息: 扫码 (4601) 
[2021-08-23 23:03:39] [INFO]: 收到好友 　(97664430) 的消息: 重启 (24266) 
[2021-08-23 23:03:41] [INFO]: 将使用 device.json 内的设备信息运行Bot. 
[2021-08-23 23:03:41] [INFO]: 开始尝试登录并同步消息... 
[2021-08-23 23:03:41] [INFO]: 使用协议: iPad 
[2021-08-23 23:03:41] [INFO]: Protocol -> connect to server: 113.96.13.208:8080 
[2021-08-23 23:03:43] [INFO]: 登录成功 欢迎使用: ql 
[2021-08-23 23:03:43] [INFO]: 开始加载好友列表... 
[2021-08-23 23:03:43] [INFO]: 共加载 3 个好友. 
[2021-08-23 23:03:43] [INFO]: 开始加载群列表... 
[2021-08-23 23:03:43] [INFO]: 共加载 1 个群. 
[2021-08-23 23:03:43] [WARNING]: 警告: 信息数据库已关闭，将无法使用 [回复/撤回] 等功能。 
[2021-08-23 23:03:43] [WARNING]: post-format 配置错误, 将自动使用 string 
[2021-08-23 23:03:43] [INFO]: 资源初始化完成, 开始处理信息. 
[2021-08-23 23:03:43] [INFO]: アトリは、高性能ですから! 
[2021-08-23 23:03:44] [INFO]: 收到服务器地址更新通知, 根据配置文件已忽略. 
[2021-08-23 23:04:37] [INFO]: 收到好友 　(97664430) 的消息: 状态 (24267) 
[2021-08-23 23:09:34] [INFO]: 收到群 备战双11(183141104) 内 　(97664430) 的消息: 点击链接加入群聊【JD】：https://jq.qq.com/?_wv=1027&amp;k=3QAUuO7U (4604) 
[2021-08-23 23:09:40] [INFO]: Bot被 　(97664430) T出了群 备战双11(183141104). 
[2021-08-23 23:10:17] [INFO]: 收到来自群 备战双11(675401456) 内用户 　(97664430) 的加群邀请. 
[2021-08-23 23:10:17] [INFO]: Bot进入了群 备战双11(675401456). 
[2021-08-23 23:10:24] [INFO]: 收到群 备战双11(675401456) 内 　(97664430) 的消息: 查询 (2107) 
[2021-08-23 23:10:32] [INFO]: 收到好友 　(97664430) 的消息: 查询 (24268) 
[2021-08-23 23:10:51] [INFO]: 收到群 备战双11(675401456) 内 　(97664430) 的消息: 状态 (2108) 
[2021-08-23 23:10:54] [INFO]: 收到群 备战双11(675401456) 内 　(97664430) 的消息: 转台 (2109) 
[2021-08-23 23:10:58] [INFO]: 收到群 备战双11(675401456) 内 　(97664430) 的消息: 状态 (2110) 
[2021-08-23 23:11:05] [INFO]: 收到好友 　(97664430) 的消息: 状态 (24269) 
[2021-08-23 23:11:20] [INFO]: 成员 私聊发扫码给我(594632041) 被 　(97664430) T出了群 备战双11(675401456). 
[2021-08-23 23:15:05] [INFO]: 将使用 device.json 内的设备信息运行Bot. 
[2021-08-23 23:15:05] [INFO]: 开始尝试登录并同步消息... 
[2021-08-23 23:15:05] [INFO]: 使用协议: iPad 
[2021-08-23 23:15:06] [INFO]: Protocol -> connect to server: 113.96.12.85:8080 
[2021-08-23 23:15:09] [INFO]: 登录成功 欢迎使用: ql 
[2021-08-23 23:15:09] [INFO]: 开始加载好友列表... 
[2021-08-23 23:15:09] [INFO]: 共加载 3 个好友. 
[2021-08-23 23:15:09] [INFO]: 开始加载群列表... 
[2021-08-23 23:15:09] [INFO]: 共加载 1 个群. 
[2021-08-23 23:15:09] [WARNING]: 警告: 信息数据库已关闭，将无法使用 [回复/撤回] 等功能。 
[2021-08-23 23:15:09] [WARNING]: post-format 配置错误, 将自动使用 string 
[2021-08-23 23:15:09] [INFO]: 资源初始化完成, 开始处理信息. 
[2021-08-23 23:15:09] [INFO]: アトリは、高性能ですから! 
[2021-08-23 23:15:32] [INFO]: 收到群 备战双11(675401456) 内 　(97664430) 的消息: 状态 (2111) 
[2021-08-23 23:17:12] [INFO]: 将使用 device.json 内的设备信息运行Bot. 
[2021-08-23 23:17:12] [INFO]: 开始尝试登录并同步消息... 
[2021-08-23 23:17:12] [INFO]: 使用协议: iPad 
[2021-08-23 23:17:12] [INFO]: Protocol -> connect to server: 113.96.12.85:8080 
[2021-08-23 23:17:14] [INFO]: 登录成功 欢迎使用: ql 
[2021-08-23 23:17:14] [INFO]: 开始加载好友列表... 
[2021-08-23 23:17:14] [INFO]: 共加载 3 个好友. 
[2021-08-23 23:17:14] [INFO]: 开始加载群列表... 
[2021-08-23 23:17:14] [INFO]: 共加载 1 个群. 
[2021-08-23 23:17:14] [WARNING]: 警告: 信息数据库已关闭，将无法使用 [回复/撤回] 等功能。 
[2021-08-23 23:17:14] [WARNING]: post-format 配置错误, 将自动使用 string 
[2021-08-23 23:17:14] [INFO]: 资源初始化完成, 开始处理信息. 
[2021-08-23 23:17:14] [INFO]: アトリは、高性能ですから! 
[2021-08-23 23:17:18] [INFO]: 收到群 备战双11(675401456) 内 　(97664430) 的消息: 状态 (2112) 
[2021-08-23 23:17:25] [INFO]: 收到群 备战双11(675401456) 内 　(97664430) 的消息: 查询 (2114) 
[2021-08-23 23:18:10] [INFO]: 收到好友 　(97664430) 的消息: 重启 (24270) 
[2021-08-23 23:18:12] [INFO]: 将使用 device.json 内的设备信息运行Bot. 
[2021-08-23 23:18:12] [INFO]: 开始尝试登录并同步消息... 
[2021-08-23 23:18:12] [INFO]: 使用协议: iPad 
[2021-08-23 23:18:12] [INFO]: Protocol -> connect to server: 113.96.12.27:8080 
[2021-08-23 23:18:14] [INFO]: 登录成功 欢迎使用: ql 
[2021-08-23 23:18:14] [INFO]: 开始加载好友列表... 
[2021-08-23 23:18:14] [INFO]: 共加载 3 个好友. 
[2021-08-23 23:18:14] [INFO]: 开始加载群列表... 
[2021-08-23 23:18:14] [INFO]: 共加载 1 个群. 
[2021-08-23 23:18:14] [WARNING]: 警告: 信息数据库已关闭，将无法使用 [回复/撤回] 等功能。 
[2021-08-23 23:18:14] [WARNING]: post-format 配置错误, 将自动使用 string 
[2021-08-23 23:18:14] [INFO]: 资源初始化完成, 开始处理信息. 
[2021-08-23 23:18:14] [INFO]: アトリは、高性能ですから! 
[2021-08-23 23:33:42] [INFO]: 好友 　(97664430) 发送了离线文件 rootCA .crt 
