[2021-08-22 00:19:32] [INFO]: 将使用 device.json 内的设备信息运行Bot. 
[2021-08-22 00:19:32] [INFO]: 开始尝试登录并同步消息... 
[2021-08-22 00:19:32] [INFO]: 使用协议: iPad 
[2021-08-22 00:19:33] [INFO]: Protocol -> connect to server: 113.96.13.87:8080 
[2021-08-22 00:19:34] [INFO]: 登录成功 欢迎使用: ql 
[2021-08-22 00:19:34] [INFO]: 开始加载好友列表... 
[2021-08-22 00:19:35] [INFO]: 共加载 3 个好友. 
[2021-08-22 00:19:35] [INFO]: 开始加载群列表... 
[2021-08-22 00:19:35] [INFO]: 共加载 1 个群. 
[2021-08-22 00:19:35] [WARNING]: 警告: 信息数据库已关闭，将无法使用 [回复/撤回] 等功能。 
[2021-08-22 00:19:35] [WARNING]: post-format 配置错误, 将自动使用 string 
[2021-08-22 00:19:35] [INFO]: 资源初始化完成, 开始处理信息. 
[2021-08-22 00:19:35] [INFO]: アトリは、高性能ですから! 
[2021-08-22 00:19:36] [INFO]: 收到服务器地址更新通知, 根据配置文件已忽略. 
[2021-08-22 00:20:18] [INFO]: 收到好友 　(97664430) 的消息: 重启 (15215) 
[2021-08-22 00:20:20] [INFO]: 将使用 device.json 内的设备信息运行Bot. 
[2021-08-22 00:20:20] [INFO]: 开始尝试登录并同步消息... 
[2021-08-22 00:20:20] [INFO]: 使用协议: iPad 
[2021-08-22 00:20:20] [INFO]: Protocol -> connect to server: 125.94.60.166:443 
[2021-08-22 00:20:21] [INFO]: 登录成功 欢迎使用: ql 
[2021-08-22 00:20:21] [INFO]: 开始加载好友列表... 
[2021-08-22 00:20:22] [INFO]: 共加载 3 个好友. 
[2021-08-22 00:20:22] [INFO]: 开始加载群列表... 
[2021-08-22 00:20:22] [INFO]: 共加载 1 个群. 
[2021-08-22 00:20:22] [WARNING]: 警告: 信息数据库已关闭，将无法使用 [回复/撤回] 等功能。 
[2021-08-22 00:20:22] [WARNING]: post-format 配置错误, 将自动使用 string 
[2021-08-22 00:20:22] [INFO]: 资源初始化完成, 开始处理信息. 
[2021-08-22 00:20:22] [INFO]: アトリは、高性能ですから! 
[2021-08-22 00:27:10] [INFO]: 收到好友 　(97664430) 的消息: 查询 1 (15216) 
[2021-08-22 00:27:25] [INFO]: 将使用 device.json 内的设备信息运行Bot. 
[2021-08-22 00:27:25] [INFO]: 开始尝试登录并同步消息... 
[2021-08-22 00:27:25] [INFO]: 使用协议: iPad 
[2021-08-22 00:27:26] [INFO]: Protocol -> connect to server: 113.96.12.85:8080 
[2021-08-22 00:27:27] [INFO]: 登录成功 欢迎使用: ql 
[2021-08-22 00:27:27] [INFO]: 开始加载好友列表... 
[2021-08-22 00:27:27] [INFO]: 共加载 3 个好友. 
[2021-08-22 00:27:27] [INFO]: 开始加载群列表... 
[2021-08-22 00:27:27] [INFO]: 共加载 1 个群. 
[2021-08-22 00:27:27] [WARNING]: 警告: 信息数据库已关闭，将无法使用 [回复/撤回] 等功能。 
[2021-08-22 00:27:27] [WARNING]: post-format 配置错误, 将自动使用 string 
[2021-08-22 00:27:27] [INFO]: 资源初始化完成, 开始处理信息. 
[2021-08-22 00:27:27] [INFO]: アトリは、高性能ですから! 
[2021-08-22 00:27:35] [INFO]: 收到好友 　(97664430) 的消息: 升级 (15217) 
[2021-08-22 00:27:46] [INFO]: 收到好友 　(97664430) 的消息: 升级 (15218) 
[2021-08-22 00:27:53] [INFO]: 将使用 device.json 内的设备信息运行Bot. 
[2021-08-22 00:27:53] [INFO]: 开始尝试登录并同步消息... 
[2021-08-22 00:27:53] [INFO]: 使用协议: iPad 
[2021-08-22 00:27:53] [INFO]: Protocol -> connect to server: 113.96.13.208:8080 
[2021-08-22 00:27:55] [INFO]: 登录成功 欢迎使用: ql 
[2021-08-22 00:27:55] [INFO]: 开始加载好友列表... 
[2021-08-22 00:27:57] [INFO]: 共加载 3 个好友. 
[2021-08-22 00:27:57] [INFO]: 开始加载群列表... 
[2021-08-22 00:27:57] [INFO]: 共加载 1 个群. 
[2021-08-22 00:27:57] [WARNING]: 警告: 信息数据库已关闭，将无法使用 [回复/撤回] 等功能。 
[2021-08-22 00:27:57] [WARNING]: post-format 配置错误, 将自动使用 string 
[2021-08-22 00:27:57] [INFO]: 资源初始化完成, 开始处理信息. 
[2021-08-22 00:27:57] [INFO]: アトリは、高性能ですから! 
[2021-08-22 00:28:04] [INFO]: 收到好友 　(97664430) 的消息: 升级 (15219) 
[2021-08-22 00:28:38] [INFO]: 收到好友 　(97664430) 的消息: 查询 1 (15220) 
[2021-08-22 00:29:06] [INFO]: 收到好友 　(97664430) 的消息: 查询 1 (15221) 
[2021-08-22 00:30:02] [INFO]: 收到好友 　(97664430) 的消息: 查询 2 (4953) 
[2021-08-22 08:56:45] [INFO]: 收到好友 　(97664430) 的消息: 查询 2 (4954) 
[2021-08-22 08:57:06] [INFO]: 收到好友 　(97664430) 的消息: 查询 1 (4955) 
[2021-08-22 09:20:32] [INFO]: 收到好友 　(97664430) 的消息: 查询 2 (4956) 
[2021-08-22 10:58:02] [ERROR]: 错误: 机器人在群(183141104) 为非管理员或群主, 无法主动发起临时会话 
[2021-08-22 10:58:03] [ERROR]: 错误: 机器人在群(183141104) 为非管理员或群主, 无法主动发起临时会话 
[2021-08-22 12:01:56] [INFO]: 收到好友 　(97664430) 的消息: [CQ:image,file=2bd703d25e3b19765fb585b4e46a8bf6.image] (7706) 
[2021-08-22 12:34:28] [INFO]: 收到好友 　(97664430) 的消息: shaolin-kongfu
中青安卓版（不支持圈x）

赞赏：邀请码57984759
万分感谢！！！

数据与ios版是互通的，请不要多平台跑脚本，自己选择一个版本跑就行
数据与ios版是互通的，请不要多平台跑脚本，自己选择一个版本跑就行
数据与ios版是互通的，请不要多平台跑脚本，自己选择一个版本跑就行

安卓版看看赚任务比ios版2.02更多哟！
*******************************************************************
脚本地址：https://github.com/shaolin-kongfu/js_scripts/tree/main/zq/
1.文章,视频：zqwz.js（zqwzbody）
2.签到：zqqd.js（zqqdbody）
3.中青每日收益：zq_today_score.js（zq_cookie）
4.看看赚：zqkkz.js（zqlookStartbody）
5.每日任务奖励：zqbox.js（zqboxbody）
6.自动提现：zq_withdraw.js（zq_withdraw,zq_cash）
7.火爆转发：zq_share.js（zq_cookie）
8.转盘抽奖：zq_Rotary.js（zq_cookie）
9.好友签到红包：zq_friendSign.js（zq_cookie）
10.福利视频：zq_Adv_video.js（zq_cookie）
***********************************************************************************
v2p重写配置：
【MITM】
kandian.wkandian.com
【rewrite】
文章
https://kandian.wkandian.com/v5/article/info.json 重写目标 https://raw.githubusercontent.com/shaolin-kongfu/js_scripts/main/zq/zqwz.js
视频
https://kandian.wkandian.com/v5/article/detail.json 重写目标 https://raw.githubusercontent.com/shaolin-kongfu/js_scripts/main/zq/zqwz.js
时长
https://kandian.wkandian.com/v5/user/stay.json 重写目标 https://raw.githubusercontent.com/shaolin-kongfu/js_scripts/main/zq/zqwz.js
签到
https://kandian.wkandian.com/CommonReward/toGetReward.json 重写目标 https://raw.githubusercontent.com/shaolin-kongfu/js_scripts/main/zq/zqqd.js
收益
https://kandian.wkandian.com/v17/NewTask/getTaskList.json 重写目标 https://raw.githubusercontent.com/shaolin-kongfu/js_scripts/main/zq/zq_today_score.js
看看赚
https://kandian.wkandian.com/v5/nameless/adlickstart.json 重写目标 https://raw.githubusercontent.com/shaolin-kongfu/js_scripts/main/zq/zqkkz.js
每日任务奖励
https://kandian.wkandian.com/CommonReward/toGetReward.json 重写目标 https://raw.githubusercontent.com/shaolin-kongfu/js_scripts/main/zq/zqbox.js
自动提现
https://kandian.wkandian.com/v5/wechat/withdraw2.json 重写目标 https://raw.githubusercontent.com/shaolin-kongfu/js_scripts/main/zq/zq_withdraw.js
***********************************************************************************
青龙自行抓包，抓包链接看v2p重写链接对应抓就行了，变量填在config.sh,变量名称均已标注，与晶彩差不多
***********************************************************************************
定时可参考晶彩的定时设置即可 (30835) 
[2021-08-22 12:48:07] [INFO]: 收到好友 　(97664430) 的消息: https://elecv2.ml/#elecV2P%20进阶使用之抓包及%20COOKIE%20获取 (30836) 
[2021-08-22 12:50:37] [INFO]: 收到好友 　(97664430) 的消息: docker run --restart=always \
  -d --name elecv2p \
  -e TZ=Asia/Shanghai \
  -p 8100:80 -p 8101:8001 -p 8102:8002 \
  -v /elecv2p/JSFile:/usr/local/app/script/JSFile \
  -v /elecv2p/Lists:/usr/local/app/script/Lists \
  -v /elecv2p/Store:/usr/local/app/script/Store \
  -v /elecv2p/Shell:/usr/local/app/script/Shell \
  -v /elecv2p/rootCA:/usr/local/app/rootCA \
  -v /elecv2p/efss:/usr/local/app/efss \
  elecv2/elecv2p (30837) 
[2021-08-22 16:08:10] [INFO]: 昨日 　(97664430) 在群 183141104 内发言最积极, 获得 龙王 标识。 
[2021-08-22 17:05:46] [INFO]: 收到好友 　(97664430) 的消息: 升级 (18733) 
[2021-08-22 17:06:11] [INFO]: 收到好友 　(97664430) 的消息: 升级 (18734) 
[2021-08-22 17:06:14] [INFO]: 收到好友 　(97664430) 的消息: 升级 (18735) 
[2021-08-22 17:07:52] [INFO]: 收到好友 　(97664430) 的消息: 升级 (18736) 
[2021-08-22 17:08:27] [INFO]: 收到好友 　(97664430) 的消息: 升级 (18737) 
[2021-08-22 17:08:31] [INFO]: 收到好友 　(97664430) 的消息: 升级 (18738) 
[2021-08-22 17:08:34] [INFO]: 收到好友 　(97664430) 的消息: 扫码 (18739) 
[2021-08-22 17:23:51] [INFO]: 收到好友 　(97664430) 的消息: 升级 (18740) 
[2021-08-22 17:28:00] [INFO]: 收到好友 　(97664430) 的消息: 查询 1 (431) 
[2021-08-22 22:58:31] [INFO]: 收到好友 　(97664430) 的消息: 查询 1 (17647) 
[2021-08-22 22:58:37] [INFO]: 收到好友 　(97664430) 的消息: 升级 (17648) 
[2021-08-22 23:02:44] [INFO]: 收到好友 　(97664430) 的消息: 升级 (17649) 
[2021-08-22 23:02:58] [INFO]: 将使用 device.json 内的设备信息运行Bot. 
[2021-08-22 23:02:58] [INFO]: 开始尝试登录并同步消息... 
[2021-08-22 23:02:58] [INFO]: 使用协议: iPad 
[2021-08-22 23:02:58] [INFO]: Protocol -> connect to server: 109.244.129.153:8080 
[2021-08-22 23:03:00] [INFO]: 登录成功 欢迎使用: ql 
[2021-08-22 23:03:00] [INFO]: 开始加载好友列表... 
[2021-08-22 23:03:00] [INFO]: 共加载 3 个好友. 
[2021-08-22 23:03:00] [INFO]: 开始加载群列表... 
[2021-08-22 23:03:00] [INFO]: 共加载 1 个群. 
[2021-08-22 23:03:00] [WARNING]: 警告: 信息数据库已关闭，将无法使用 [回复/撤回] 等功能。 
[2021-08-22 23:03:00] [WARNING]: post-format 配置错误, 将自动使用 string 
[2021-08-22 23:03:00] [INFO]: 资源初始化完成, 开始处理信息. 
[2021-08-22 23:03:00] [INFO]: アトリは、高性能ですから! 
[2021-08-22 23:03:02] [INFO]: 收到服务器地址更新通知, 根据配置文件已忽略. 
[2021-08-22 23:03:11] [INFO]: 收到好友 　(97664430) 的消息: 查询 1 (17650) 
[2021-08-22 23:03:41] [INFO]: 收到好友 　(97664430) 的消息: 查询 (17651) 
[2021-08-22 23:03:50] [INFO]: 收到好友 　(97664430) 的消息: 查询 1 (17652) 
