[2021-08-21 01:08:54] [INFO]: 将使用 device.json 内的设备信息运行Bot. 
[2021-08-21 01:08:54] [INFO]: 开始尝试登录并同步消息... 
[2021-08-21 01:08:54] [INFO]: 使用协议: iPad 
[2021-08-21 01:08:55] [INFO]: Protocol -> connect to server: 113.96.12.85:8080 
[2021-08-21 01:08:56] [INFO]: 登录成功 欢迎使用: ql 
[2021-08-21 01:08:56] [INFO]: 开始加载好友列表... 
[2021-08-21 01:08:56] [INFO]: 共加载 3 个好友. 
[2021-08-21 01:08:56] [INFO]: 开始加载群列表... 
[2021-08-21 01:08:56] [INFO]: 共加载 1 个群. 
[2021-08-21 01:08:56] [WARNING]: 警告: 信息数据库已关闭，将无法使用 [回复/撤回] 等功能。 
[2021-08-21 01:08:56] [WARNING]: post-format 配置错误, 将自动使用 string 
[2021-08-21 01:08:56] [INFO]: 资源初始化完成, 开始处理信息. 
[2021-08-21 01:08:56] [INFO]: アトリは、高性能ですから! 
[2021-08-21 01:08:58] [INFO]: 收到服务器地址更新通知, 根据配置文件已忽略. 
[2021-08-21 01:09:02] [INFO]: 收到好友 　(97664430) 的消息: 重启 (24472) 
[2021-08-21 01:09:04] [INFO]: 将使用 device.json 内的设备信息运行Bot. 
[2021-08-21 01:09:04] [INFO]: 开始尝试登录并同步消息... 
[2021-08-21 01:09:04] [INFO]: 使用协议: iPad 
[2021-08-21 01:09:04] [INFO]: Protocol -> connect to server: 113.96.12.85:8080 
[2021-08-21 01:09:06] [INFO]: 登录成功 欢迎使用: ql 
[2021-08-21 01:09:06] [INFO]: 开始加载好友列表... 
[2021-08-21 01:09:06] [INFO]: 共加载 3 个好友. 
[2021-08-21 01:09:06] [INFO]: 开始加载群列表... 
[2021-08-21 01:09:06] [INFO]: 共加载 1 个群. 
[2021-08-21 01:09:06] [WARNING]: 警告: 信息数据库已关闭，将无法使用 [回复/撤回] 等功能。 
[2021-08-21 01:09:06] [WARNING]: post-format 配置错误, 将自动使用 string 
[2021-08-21 01:09:06] [INFO]: 资源初始化完成, 开始处理信息. 
[2021-08-21 01:09:06] [INFO]: アトリは、高性能ですから! 
[2021-08-21 01:09:18] [INFO]: 收到好友 　(97664430) 的消息: 查询 1 (24473) 
[2021-08-21 01:09:38] [INFO]: 收到好友 　(97664430) 的消息: 查询 2 (24474) 
[2021-08-21 01:12:10] [INFO]: 收到好友 　(97664430) 的消息: 查询 3 (24475) 
[2021-08-21 01:12:41] [INFO]: 收到好友 　(97664430) 的消息: 查询 5 (24476) 
[2021-08-21 01:12:53] [INFO]: 收到好友 　(97664430) 的消息: 查询 6 (24477) 
[2021-08-21 01:13:12] [INFO]: 收到好友 　(97664430) 的消息: 查询 7 (24478) 
[2021-08-21 01:13:28] [INFO]: 收到好友 　(97664430) 的消息: 查询 8 (24479) 
[2021-08-21 01:51:40] [INFO]: 收到好友 　(97664430) 的消息: [CQ:json,data={"config":{"autosize":true&#44;"ctime":1629419055&#44;"type":"normal"&#44;"forward":true&#44;"token":"4300880536f35680c54c9e7a36533137"}&#44;"prompt":"&#91;分享&#93;好消息！这有5元红包，轻松拿到手！"&#44;"app":"com.tencent.structmsg"&#44;"ver":"0.0.0.1"&#44;"view":"news"&#44;"meta":{"news":{"action":""&#44;"desc":"好多人都领到了！推推赚大钱，帮我推一下，咱俩都拿钱！"&#44;"android_pkg_name":""&#44;"jumpUrl":"https:\/\/pushgold.jd.com\/#\/helper?activityId=287eb90945e049129d76dd7e85dc0313&amp;packetId=a3347f74d1014abba2d4166b9d5d62c3-amRfNWQxMjAyMTAyMDM0NQ!!&amp;currentActId=287eb90945e049129d76dd7e85dc0313&amp;utm_source=iosapp&amp;utm_medium=liteshare&amp;utm_campaign=t_335139774&amp;utm_term=Qqfriends&amp;ad_od=share"&#44;"preview":"https:\/\/external-30160.picsz.qpic.cn\/5a657ced1116c6c5d0bf483be5ed6856\/jpg1"&#44;"title":"好消息！这有5元红包，轻松拿到手！"&#44;"app_type":1&#44;"source_icon":""&#44;"tag":"京东极速版"&#44;"source_url":""&#44;"appid":1110202132}}&#44;"desc":"新闻"}] (3984) 
[2021-08-21 01:51:46] [INFO]: 收到好友 　(97664430) 的消息: https://pushgold.jd.com/#/helper?activityId=287eb90945e049129d76dd7e85dc0313&amp;packetId=5028d926836642449154acf2396b52cf-amRfNWQxMjAyMTAyMDM0NQ!!&amp;currentActId=287eb90945e049129d76dd7e85dc0313&amp;utm_source=iosapp&amp;utm_medium=liteshare&amp;utm_campaign=t_335139774&amp;utm_term=Qqfriends&amp;ad_od=share (3985) 
[2021-08-21 02:01:59] [INFO]: 收到群 备战双11(183141104) 内 清欢(1239822095) 的消息: 查询1 (4511) 
[2021-08-21 02:02:14] [INFO]: 收到群 备战双11(183141104) 内 清欢(1239822095) 的消息: 查询 (4512) 
[2021-08-21 02:02:42] [INFO]: 收到群 备战双11(183141104) 内 　(97664430) 的消息: 笑死 (4514) 
[2021-08-21 02:02:45] [INFO]: 收到群 备战双11(183141104) 内 　(97664430) 的消息: 没红包 (4515) 
[2021-08-21 02:02:59] [INFO]: 收到群 备战双11(183141104) 内 清欢(1239822095) 的消息: [CQ:face,id=277][CQ:face,id=277] (4516) 
[2021-08-21 02:03:08] [INFO]: 收到群 备战双11(183141104) 内 　(97664430) 的消息: 查询 1 (4517) 
[2021-08-21 02:03:45] [INFO]: 群 备战双11(183141104) 内 　(97664430) 撤回了 ql(3225728399) 的消息: -1832238192. 
[2021-08-21 02:04:31] [INFO]: 群 备战双11(183141104) 内 　(97664430) 撤回了 ql(3225728399) 的消息: -1676555358. 
[2021-08-21 09:06:07] [INFO]: 收到好友 　(97664430) 的消息: 查询 2 (15765) 
[2021-08-21 16:04:49] [INFO]: 将使用 device.json 内的设备信息运行Bot. 
[2021-08-21 16:04:49] [INFO]: 开始尝试登录并同步消息... 
[2021-08-21 16:04:49] [INFO]: 使用协议: iPad 
[2021-08-21 16:04:50] [INFO]: Protocol -> connect to server: 113.96.13.95:8080 
[2021-08-21 16:04:52] [INFO]: 登录成功 欢迎使用: ql 
[2021-08-21 16:04:52] [INFO]: 开始加载好友列表... 
[2021-08-21 16:04:52] [INFO]: 共加载 3 个好友. 
[2021-08-21 16:04:52] [INFO]: 开始加载群列表... 
[2021-08-21 16:04:52] [INFO]: 共加载 1 个群. 
[2021-08-21 16:04:52] [WARNING]: 警告: 信息数据库已关闭，将无法使用 [回复/撤回] 等功能。 
[2021-08-21 16:04:52] [WARNING]: post-format 配置错误, 将自动使用 string 
[2021-08-21 16:04:52] [INFO]: 资源初始化完成, 开始处理信息. 
[2021-08-21 16:04:52] [INFO]: アトリは、高性能ですから! 
[2021-08-21 16:04:53] [INFO]: 收到服务器地址更新通知, 根据配置文件已忽略. 
[2021-08-21 16:04:58] [INFO]: 收到好友 　(97664430) 的消息: 查询 1 (2515) 
[2021-08-21 16:08:32] [INFO]: 收到好友 　(97664430) 的消息: 升级 (2026) 
[2021-08-21 16:08:50] [INFO]: 将使用 device.json 内的设备信息运行Bot. 
[2021-08-21 16:08:50] [INFO]: 开始尝试登录并同步消息... 
[2021-08-21 16:08:50] [INFO]: 使用协议: iPad 
[2021-08-21 16:08:51] [INFO]: Protocol -> connect to server: 113.96.13.95:8080 
[2021-08-21 16:08:53] [INFO]: 登录成功 欢迎使用: ql 
[2021-08-21 16:08:53] [INFO]: 开始加载好友列表... 
[2021-08-21 16:08:53] [INFO]: 共加载 3 个好友. 
[2021-08-21 16:08:53] [INFO]: 开始加载群列表... 
[2021-08-21 16:08:53] [INFO]: 共加载 1 个群. 
[2021-08-21 16:08:53] [WARNING]: 警告: 信息数据库已关闭，将无法使用 [回复/撤回] 等功能。 
[2021-08-21 16:08:53] [WARNING]: post-format 配置错误, 将自动使用 string 
[2021-08-21 16:08:53] [INFO]: 资源初始化完成, 开始处理信息. 
[2021-08-21 16:08:53] [INFO]: アトリは、高性能ですから! 
[2021-08-21 16:08:55] [INFO]: 收到群 备战双11(183141104) 内 虾米？豆腐！(775212683) 的消息: [CQ:image,file=f4188aac35e25b60c0455448bc917e55.image] (4519) 
[2021-08-21 16:09:03] [INFO]: 收到群 备战双11(183141104) 内 虾米？豆腐！(775212683) 的消息: 大佬这个库是不是你加的 (4520) 
[2021-08-21 16:16:23] [INFO]: 收到群 备战双11(183141104) 内 　(97664430) 的消息: 是 (4521) 
[2021-08-21 16:16:36] [INFO]: 收到群 备战双11(183141104) 内 　(97664430) 的消息: 可以禁用 (4522) 
[2021-08-21 16:17:27] [INFO]: 收到群 备战双11(183141104) 内 虾米？豆腐！(775212683) 的消息: 我想问问咋往另一个服务器拉 青龙整不好 (4523) 
[2021-08-21 16:17:43] [INFO]: 收到群 备战双11(183141104) 内 　(97664430) 的消息: 拉什么 (4524) 
[2021-08-21 16:18:05] [INFO]: 收到群 备战双11(183141104) 内 虾米？豆腐！(775212683) 的消息: 这个地址放到另一个容器 (4525) 
[2021-08-21 16:20:03] [INFO]: 收到群 备战双11(183141104) 内 　(97664430) 的消息: 没明白 (4526) 
[2021-08-21 16:20:47] [INFO]: 收到群 备战双11(183141104) 内 虾米？豆腐！(775212683) 的消息: 我又开了给服务器 想把这个地址直接添加进去咋感觉不怎么跑 (4527) 
[2021-08-21 16:21:07] [INFO]: 收到群 备战双11(183141104) 内 　(97664430) 的消息: 是真没明白 (4528) 
[2021-08-21 16:21:48] [INFO]: 收到群 备战双11(183141104) 内 虾米？豆腐！(775212683) 的消息: 我直接把你这个代码复制到另一个青龙了 (4529) 
[2021-08-21 16:22:05] [INFO]: 收到群 备战双11(183141104) 内 虾米？豆腐！(775212683) 的消息: [CQ:image,file=7e9a10efb3afeb1bb740b0730315970e.image] (4530) 
[2021-08-21 16:22:18] [INFO]: 收到群 备战双11(183141104) 内 虾米？豆腐！(775212683) 的消息: 没这个跑的快 (4531) 
[2021-08-21 16:22:23] [INFO]: 收到群 备战双11(183141104) 内 　(97664430) 的消息: 因为没拉库 (4532) 
[2021-08-21 16:23:25] [INFO]: 收到群 备战双11(183141104) 内 虾米？豆腐！(775212683) 的消息: [CQ:image,file=169886315611c4e3f46fd90885e699db.image] (4533) 
[2021-08-21 16:23:34] [INFO]: 收到群 备战双11(183141104) 内 虾米？豆腐！(775212683) 的消息: 一个跑一个一个跑俩个 (4534) 
[2021-08-21 16:23:56] [INFO]: 收到群 备战双11(183141104) 内 　(97664430) 的消息: ？？？？？ (4535) 
[2021-08-21 16:24:54] [INFO]: 收到群 备战双11(183141104) 内 虾米？豆腐！(775212683) 的消息: 咋拉库跑你这个 (4536) 
[2021-08-21 16:25:44] [INFO]: 收到群 备战双11(183141104) 内 　(97664430) 的消息: 不是有教程吗 (4537) 
[2021-08-21 16:26:22] [INFO]: 收到群 备战双11(183141104) 内 虾米？豆腐！(775212683) 的消息: 我感觉拉的不对号 (4538) 
[2021-08-21 23:35:49] [INFO]: 收到好友 　(97664430) 的消息: 重启 (15214) 
[2021-08-21 23:35:51] [INFO]: 将使用 device.json 内的设备信息运行Bot. 
[2021-08-21 23:35:51] [INFO]: 开始尝试登录并同步消息... 
[2021-08-21 23:35:51] [INFO]: 使用协议: iPad 
[2021-08-21 23:35:51] [INFO]: Protocol -> connect to server: 113.96.13.208:8080 
[2021-08-21 23:35:53] [INFO]: 登录成功 欢迎使用: ql 
[2021-08-21 23:35:53] [INFO]: 开始加载好友列表... 
[2021-08-21 23:35:53] [INFO]: 共加载 3 个好友. 
[2021-08-21 23:35:53] [INFO]: 开始加载群列表... 
[2021-08-21 23:35:53] [INFO]: 共加载 1 个群. 
[2021-08-21 23:35:53] [WARNING]: 警告: 信息数据库已关闭，将无法使用 [回复/撤回] 等功能。 
[2021-08-21 23:35:53] [WARNING]: post-format 配置错误, 将自动使用 string 
[2021-08-21 23:35:53] [INFO]: 资源初始化完成, 开始处理信息. 
[2021-08-21 23:35:53] [INFO]: アトリは、高性能ですから! 
[2021-08-21 23:35:54] [INFO]: 收到服务器地址更新通知, 根据配置文件已忽略. 
